{"/var/www/html/projects/financialTools/src/app.js": {"path":"/var/www/html/projects/financialTools/src/app.js","statementMap":{"0":{"start":{"line":1,"column":12},"end":{"line":1,"column":32}},"1":{"start":{"line":3,"column":16},"end":{"line":3,"column":34}},"2":{"start":{"line":5,"column":0},"end":{"line":10,"column":13}},"3":{"start":{"line":12,"column":0},"end":{"line":14,"column":3}},"4":{"start":{"line":13,"column":2},"end":{"line":13,"column":25}},"5":{"start":{"line":16,"column":0},"end":{"line":24,"column":3}},"6":{"start":{"line":17,"column":35},"end":{"line":17,"column":38}},"7":{"start":{"line":18,"column":2},"end":{"line":22,"column":3}},"8":{"start":{"line":19,"column":4},"end":{"line":19,"column":45}},"9":{"start":{"line":21,"column":4},"end":{"line":21,"column":51}},"10":{"start":{"line":23,"column":2},"end":{"line":23,"column":12}},"11":{"start":{"line":26,"column":0},"end":{"line":26,"column":82}},"12":{"start":{"line":28,"column":0},"end":{"line":28,"column":21}}},"fnMap":{"0":{"name":"(anonymous_0)","decl":{"start":{"line":12,"column":13},"end":{"line":12,"column":14}},"loc":{"start":{"line":12,"column":27},"end":{"line":14,"column":1}},"line":12},"1":{"name":"(anonymous_1)","decl":{"start":{"line":16,"column":8},"end":{"line":16,"column":9}},"loc":{"start":{"line":16,"column":33},"end":{"line":24,"column":1}},"line":16}},"branchMap":{"0":{"loc":{"start":{"line":18,"column":2},"end":{"line":22,"column":3}},"type":"if","locations":[{"start":{"line":18,"column":2},"end":{"line":22,"column":3}},{"start":{"line":20,"column":9},"end":{"line":22,"column":3}}],"line":18},"1":{"loc":{"start":{"line":18,"column":6},"end":{"line":18,"column":66}},"type":"binary-expr","locations":[{"start":{"line":18,"column":6},"end":{"line":18,"column":32}},{"start":{"line":18,"column":36},"end":{"line":18,"column":66}}],"line":18}},"s":{"0":6,"1":6,"2":6,"3":6,"4":0,"5":6,"6":18,"7":18,"8":18,"9":0,"10":18,"11":6,"12":6},"f":{"0":0,"1":18},"b":{"0":[18,0],"1":[18,2]},"_coverageSchema":"1a1c01bbd47fc00a2c39e90264f33305004495a9","hash":"f56e2e7a6c6456ee68d3453400dd1a162dab891b"}
,"/var/www/html/projects/financialTools/src/config/authMiddleware.js": {"path":"/var/www/html/projects/financialTools/src/config/authMiddleware.js","statementMap":{"0":{"start":{"line":1,"column":12},"end":{"line":1,"column":35}},"1":{"start":{"line":3,"column":23},"end":{"line":17,"column":1}},"2":{"start":{"line":4,"column":16},"end":{"line":4,"column":56}},"3":{"start":{"line":6,"column":2},"end":{"line":8,"column":3}},"4":{"start":{"line":7,"column":4},"end":{"line":7,"column":69}},"5":{"start":{"line":10,"column":2},"end":{"line":16,"column":3}},"6":{"start":{"line":11,"column":20},"end":{"line":11,"column":101}},"7":{"start":{"line":12,"column":4},"end":{"line":12,"column":23}},"8":{"start":{"line":13,"column":4},"end":{"line":13,"column":18}},"9":{"start":{"line":15,"column":4},"end":{"line":15,"column":64}},"10":{"start":{"line":19,"column":0},"end":{"line":19,"column":32}}},"fnMap":{"0":{"name":"(anonymous_0)","decl":{"start":{"line":3,"column":23},"end":{"line":3,"column":24}},"loc":{"start":{"line":3,"column":43},"end":{"line":17,"column":1}},"line":3}},"branchMap":{"0":{"loc":{"start":{"line":6,"column":2},"end":{"line":8,"column":3}},"type":"if","locations":[{"start":{"line":6,"column":2},"end":{"line":8,"column":3}},{"start":{},"end":{}}],"line":6}},"s":{"0":6,"1":6,"2":134,"3":134,"4":2,"5":132,"6":132,"7":132,"8":132,"9":0,"10":6},"f":{"0":134},"b":{"0":[2,132]},"_coverageSchema":"1a1c01bbd47fc00a2c39e90264f33305004495a9","hash":"f60c0dfa6fe1bbf98678d14c5d4ffff3a9f0bd65"}
,"/var/www/html/projects/financialTools/src/config/bcrypt.js": {"path":"/var/www/html/projects/financialTools/src/config/bcrypt.js","statementMap":{"0":{"start":{"line":1,"column":15},"end":{"line":1,"column":34}},"1":{"start":{"line":4,"column":2},"end":{"line":11,"column":3}},"2":{"start":{"line":5,"column":23},"end":{"line":5,"column":25}},"3":{"start":{"line":6,"column":17},"end":{"line":6,"column":49}},"4":{"start":{"line":7,"column":27},"end":{"line":7,"column":60}},"5":{"start":{"line":8,"column":4},"end":{"line":8,"column":26}},"6":{"start":{"line":10,"column":4},"end":{"line":10,"column":46}},"7":{"start":{"line":14,"column":0},"end":{"line":14,"column":34}}},"fnMap":{"0":{"name":"hashPassword","decl":{"start":{"line":3,"column":15},"end":{"line":3,"column":27}},"loc":{"start":{"line":3,"column":38},"end":{"line":12,"column":1}},"line":3}},"branchMap":{},"s":{"0":6,"1":9,"2":9,"3":9,"4":9,"5":9,"6":0,"7":6},"f":{"0":9},"b":{},"_coverageSchema":"1a1c01bbd47fc00a2c39e90264f33305004495a9","hash":"3d393312d75d550f460ebd3411a97442744906e0"}
,"/var/www/html/projects/financialTools/src/config/database.js": {"path":"/var/www/html/projects/financialTools/src/config/database.js","statementMap":{"0":{"start":{"line":1,"column":17},"end":{"line":1,"column":36}},"1":{"start":{"line":3,"column":18},"end":{"line":3,"column":116}},"2":{"start":{"line":5,"column":0},"end":{"line":5,"column":34}},"3":{"start":{"line":7,"column":0},"end":{"line":9,"column":3}},"4":{"start":{"line":8,"column":2},"end":{"line":8,"column":52}},"5":{"start":{"line":11,"column":0},"end":{"line":14,"column":3}},"6":{"start":{"line":12,"column":2},"end":{"line":12,"column":53}},"7":{"start":{"line":13,"column":2},"end":{"line":13,"column":18}},"8":{"start":{"line":16,"column":0},"end":{"line":26,"column":2}},"9":{"start":{"line":17,"column":2},"end":{"line":25,"column":3}},"10":{"start":{"line":18,"column":4},"end":{"line":21,"column":7}},"11":{"start":{"line":23,"column":4},"end":{"line":23,"column":57}},"12":{"start":{"line":24,"column":4},"end":{"line":24,"column":20}},"13":{"start":{"line":28,"column":0},"end":{"line":37,"column":2}},"14":{"start":{"line":29,"column":2},"end":{"line":36,"column":3}},"15":{"start":{"line":30,"column":4},"end":{"line":30,"column":32}},"16":{"start":{"line":31,"column":4},"end":{"line":31,"column":59}},"17":{"start":{"line":33,"column":4},"end":{"line":33,"column":55}},"18":{"start":{"line":34,"column":4},"end":{"line":34,"column":25}},"19":{"start":{"line":35,"column":4},"end":{"line":35,"column":20}}},"fnMap":{"0":{"name":"(anonymous_0)","decl":{"start":{"line":7,"column":36},"end":{"line":7,"column":37}},"loc":{"start":{"line":7,"column":42},"end":{"line":9,"column":1}},"line":7},"1":{"name":"(anonymous_1)","decl":{"start":{"line":11,"column":32},"end":{"line":11,"column":33}},"loc":{"start":{"line":11,"column":41},"end":{"line":14,"column":1}},"line":11},"2":{"name":"(anonymous_2)","decl":{"start":{"line":16,"column":18},"end":{"line":16,"column":19}},"loc":{"start":{"line":16,"column":30},"end":{"line":26,"column":1}},"line":16},"3":{"name":"(anonymous_3)","decl":{"start":{"line":28,"column":21},"end":{"line":28,"column":22}},"loc":{"start":{"line":28,"column":33},"end":{"line":37,"column":1}},"line":28}},"branchMap":{},"s":{"0":6,"1":6,"2":6,"3":6,"4":6,"5":6,"6":0,"7":0,"8":6,"9":6,"10":6,"11":0,"12":0,"13":6,"14":1,"15":1,"16":1,"17":0,"18":0,"19":0},"f":{"0":6,"1":0,"2":6,"3":1},"b":{},"_coverageSchema":"1a1c01bbd47fc00a2c39e90264f33305004495a9","hash":"68d0b69a8c9c949a46504854bd5da1048418f6e2"}
,"/var/www/html/projects/financialTools/src/config/middleware.js": {"path":"/var/www/html/projects/financialTools/src/config/middleware.js","statementMap":{"0":{"start":{"line":1,"column":19},"end":{"line":1,"column":41}},"1":{"start":{"line":3,"column":0},"end":{"line":5,"column":2}},"2":{"start":{"line":4,"column":2},"end":{"line":4,"column":29}}},"fnMap":{"0":{"name":"(anonymous_0)","decl":{"start":{"line":3,"column":17},"end":{"line":3,"column":18}},"loc":{"start":{"line":3,"column":26},"end":{"line":5,"column":1}},"line":3}},"branchMap":{},"s":{"0":6,"1":6,"2":6},"f":{"0":6},"b":{},"_coverageSchema":"1a1c01bbd47fc00a2c39e90264f33305004495a9","hash":"294d6cc428994d91718e6c386f9c7768a4aa1369"}
,"/var/www/html/projects/financialTools/src/config/router.js": {"path":"/var/www/html/projects/financialTools/src/config/router.js","statementMap":{"0":{"start":{"line":1,"column":16},"end":{"line":1,"column":34}},"1":{"start":{"line":2,"column":23},"end":{"line":2,"column":50}},"2":{"start":{"line":4,"column":0},"end":{"line":16,"column":2}},"3":{"start":{"line":5,"column":2},"end":{"line":5,"column":36}},"4":{"start":{"line":7,"column":23},"end":{"line":7,"column":39}},"5":{"start":{"line":9,"column":2},"end":{"line":9,"column":63}},"6":{"start":{"line":10,"column":2},"end":{"line":10,"column":69}},"7":{"start":{"line":11,"column":2},"end":{"line":11,"column":77}},"8":{"start":{"line":12,"column":2},"end":{"line":12,"column":70}},"9":{"start":{"line":13,"column":2},"end":{"line":13,"column":67}},"10":{"start":{"line":15,"column":2},"end":{"line":15,"column":47}}},"fnMap":{"0":{"name":"(anonymous_0)","decl":{"start":{"line":4,"column":17},"end":{"line":4,"column":18}},"loc":{"start":{"line":4,"column":26},"end":{"line":16,"column":1}},"line":4}},"branchMap":{},"s":{"0":6,"1":6,"2":6,"3":6,"4":6,"5":6,"6":6,"7":6,"8":6,"9":6,"10":6},"f":{"0":6},"b":{},"_coverageSchema":"1a1c01bbd47fc00a2c39e90264f33305004495a9","hash":"991f6c7c0228d6b6e75c2285e68e996db187858c"}
,"/var/www/html/projects/financialTools/src/errors/RecurseInvalidError.js": {"path":"/var/www/html/projects/financialTools/src/errors/RecurseInvalidError.js","statementMap":{"0":{"start":{"line":1,"column":0},"end":{"line":5,"column":2}},"1":{"start":{"line":2,"column":2},"end":{"line":2,"column":36}},"2":{"start":{"line":3,"column":2},"end":{"line":3,"column":25}},"3":{"start":{"line":4,"column":2},"end":{"line":4,"column":35}}},"fnMap":{"0":{"name":"RecurseInvalidError","decl":{"start":{"line":1,"column":26},"end":{"line":1,"column":45}},"loc":{"start":{"line":1,"column":106},"end":{"line":5,"column":1}},"line":1}},"branchMap":{"0":{"loc":{"start":{"line":1,"column":46},"end":{"line":1,"column":104}},"type":"default-arg","locations":[{"start":{"line":1,"column":56},"end":{"line":1,"column":104}}],"line":1}},"s":{"0":6,"1":2,"2":2,"3":2},"f":{"0":2},"b":{"0":[2]},"_coverageSchema":"1a1c01bbd47fc00a2c39e90264f33305004495a9","hash":"335efee9048deb66f446fa8e04556303001e3929"}
,"/var/www/html/projects/financialTools/src/errors/ValidationError.js": {"path":"/var/www/html/projects/financialTools/src/errors/ValidationError.js","statementMap":{"0":{"start":{"line":1,"column":0},"end":{"line":5,"column":2}},"1":{"start":{"line":2,"column":2},"end":{"line":2,"column":32}},"2":{"start":{"line":3,"column":2},"end":{"line":3,"column":25}},"3":{"start":{"line":4,"column":2},"end":{"line":4,"column":35}}},"fnMap":{"0":{"name":"ValidationError","decl":{"start":{"line":1,"column":26},"end":{"line":1,"column":41}},"loc":{"start":{"line":1,"column":51},"end":{"line":5,"column":1}},"line":1}},"branchMap":{},"s":{"0":6,"1":16,"2":16,"3":16},"f":{"0":16},"b":{},"_coverageSchema":"1a1c01bbd47fc00a2c39e90264f33305004495a9","hash":"3a8c6b611228cf160f16be938e721e0273e19f14"}
,"/var/www/html/projects/financialTools/src/models/accounts.js": {"path":"/var/www/html/projects/financialTools/src/models/accounts.js","statementMap":{"0":{"start":{"line":1,"column":17},"end":{"line":1,"column":36}},"1":{"start":{"line":3,"column":22},"end":{"line":6,"column":2}},"2":{"start":{"line":9,"column":0},"end":{"line":9,"column":59}}},"fnMap":{},"branchMap":{},"s":{"0":6,"1":6,"2":6},"f":{},"b":{},"_coverageSchema":"1a1c01bbd47fc00a2c39e90264f33305004495a9","hash":"13291f22ac59b05b6824383d12c3e6539742b919"}
,"/var/www/html/projects/financialTools/src/models/transactions.js": {"path":"/var/www/html/projects/financialTools/src/models/transactions.js","statementMap":{"0":{"start":{"line":1,"column":17},"end":{"line":1,"column":36}},"1":{"start":{"line":3,"column":19},"end":{"line":3,"column":27}},"2":{"start":{"line":5,"column":26},"end":{"line":15,"column":29}},"3":{"start":{"line":18,"column":0},"end":{"line":18,"column":67}}},"fnMap":{},"branchMap":{},"s":{"0":6,"1":6,"2":6,"3":6},"f":{},"b":{},"_coverageSchema":"1a1c01bbd47fc00a2c39e90264f33305004495a9","hash":"b26647e0cdeb8703b1eb5380aaa226ffd39f579a"}
,"/var/www/html/projects/financialTools/src/models/transfer.js": {"path":"/var/www/html/projects/financialTools/src/models/transfer.js","statementMap":{"0":{"start":{"line":1,"column":17},"end":{"line":1,"column":36}},"1":{"start":{"line":3,"column":19},"end":{"line":3,"column":27}},"2":{"start":{"line":5,"column":23},"end":{"line":15,"column":29}},"3":{"start":{"line":17,"column":0},"end":{"line":17,"column":61}}},"fnMap":{},"branchMap":{},"s":{"0":6,"1":6,"2":6,"3":6},"f":{},"b":{},"_coverageSchema":"1a1c01bbd47fc00a2c39e90264f33305004495a9","hash":"5657abdc72080b4bb29c7d7becfa8347930ef7ab"}
,"/var/www/html/projects/financialTools/src/models/users.js": {"path":"/var/www/html/projects/financialTools/src/models/users.js","statementMap":{"0":{"start":{"line":1,"column":17},"end":{"line":1,"column":36}},"1":{"start":{"line":3,"column":19},"end":{"line":7,"column":2}},"2":{"start":{"line":10,"column":0},"end":{"line":10,"column":53}}},"fnMap":{},"branchMap":{},"s":{"0":6,"1":6,"2":6},"f":{},"b":{},"_coverageSchema":"1a1c01bbd47fc00a2c39e90264f33305004495a9","hash":"833e37a51dbdc5cdd6aef9477b5d1391f281a3ba"}
,"/var/www/html/projects/financialTools/src/routes/accounts.js": {"path":"/var/www/html/projects/financialTools/src/routes/accounts.js","statementMap":{"0":{"start":{"line":1,"column":16},"end":{"line":1,"column":34}},"1":{"start":{"line":2,"column":28},"end":{"line":2,"column":68}},"2":{"start":{"line":4,"column":0},"end":{"line":42,"column":2}},"3":{"start":{"line":5,"column":17},"end":{"line":5,"column":33}},"4":{"start":{"line":7,"column":2},"end":{"line":14,"column":5}},"5":{"start":{"line":8,"column":4},"end":{"line":13,"column":39}},"6":{"start":{"line":11,"column":8},"end":{"line":11,"column":83}},"7":{"start":{"line":11,"column":44},"end":{"line":11,"column":83}},"8":{"start":{"line":12,"column":8},"end":{"line":12,"column":15}},"9":{"start":{"line":13,"column":26},"end":{"line":13,"column":37}},"10":{"start":{"line":16,"column":2},"end":{"line":19,"column":5}},"11":{"start":{"line":17,"column":4},"end":{"line":18,"column":88}},"12":{"start":{"line":18,"column":24},"end":{"line":18,"column":56}},"13":{"start":{"line":18,"column":75},"end":{"line":18,"column":86}},"14":{"start":{"line":21,"column":2},"end":{"line":24,"column":5}},"15":{"start":{"line":22,"column":4},"end":{"line":23,"column":84}},"16":{"start":{"line":23,"column":24},"end":{"line":23,"column":52}},"17":{"start":{"line":23,"column":71},"end":{"line":23,"column":82}},"18":{"start":{"line":26,"column":2},"end":{"line":29,"column":5}},"19":{"start":{"line":27,"column":4},"end":{"line":28,"column":84}},"20":{"start":{"line":28,"column":24},"end":{"line":28,"column":52}},"21":{"start":{"line":28,"column":71},"end":{"line":28,"column":82}},"22":{"start":{"line":31,"column":2},"end":{"line":34,"column":5}},"23":{"start":{"line":32,"column":4},"end":{"line":33,"column":84}},"24":{"start":{"line":33,"column":24},"end":{"line":33,"column":52}},"25":{"start":{"line":33,"column":71},"end":{"line":33,"column":82}},"26":{"start":{"line":36,"column":2},"end":{"line":39,"column":5}},"27":{"start":{"line":37,"column":4},"end":{"line":38,"column":84}},"28":{"start":{"line":38,"column":24},"end":{"line":38,"column":52}},"29":{"start":{"line":38,"column":71},"end":{"line":38,"column":82}},"30":{"start":{"line":41,"column":2},"end":{"line":41,"column":16}}},"fnMap":{"0":{"name":"(anonymous_0)","decl":{"start":{"line":4,"column":17},"end":{"line":4,"column":18}},"loc":{"start":{"line":4,"column":26},"end":{"line":42,"column":1}},"line":4},"1":{"name":"(anonymous_1)","decl":{"start":{"line":7,"column":21},"end":{"line":7,"column":22}},"loc":{"start":{"line":7,"column":47},"end":{"line":14,"column":3}},"line":7},"2":{"name":"(anonymous_2)","decl":{"start":{"line":10,"column":12},"end":{"line":10,"column":13}},"loc":{"start":{"line":10,"column":24},"end":{"line":13,"column":7}},"line":10},"3":{"name":"(anonymous_3)","decl":{"start":{"line":13,"column":15},"end":{"line":13,"column":16}},"loc":{"start":{"line":13,"column":26},"end":{"line":13,"column":37}},"line":13},"4":{"name":"(anonymous_4)","decl":{"start":{"line":16,"column":18},"end":{"line":16,"column":19}},"loc":{"start":{"line":16,"column":44},"end":{"line":19,"column":3}},"line":16},"5":{"name":"(anonymous_5)","decl":{"start":{"line":18,"column":12},"end":{"line":18,"column":13}},"loc":{"start":{"line":18,"column":24},"end":{"line":18,"column":56}},"line":18},"6":{"name":"(anonymous_6)","decl":{"start":{"line":18,"column":64},"end":{"line":18,"column":65}},"loc":{"start":{"line":18,"column":75},"end":{"line":18,"column":86}},"line":18},"7":{"name":"(anonymous_7)","decl":{"start":{"line":21,"column":19},"end":{"line":21,"column":20}},"loc":{"start":{"line":21,"column":45},"end":{"line":24,"column":3}},"line":21},"8":{"name":"(anonymous_8)","decl":{"start":{"line":23,"column":12},"end":{"line":23,"column":13}},"loc":{"start":{"line":23,"column":24},"end":{"line":23,"column":52}},"line":23},"9":{"name":"(anonymous_9)","decl":{"start":{"line":23,"column":60},"end":{"line":23,"column":61}},"loc":{"start":{"line":23,"column":71},"end":{"line":23,"column":82}},"line":23},"10":{"name":"(anonymous_10)","decl":{"start":{"line":26,"column":21},"end":{"line":26,"column":22}},"loc":{"start":{"line":26,"column":47},"end":{"line":29,"column":3}},"line":26},"11":{"name":"(anonymous_11)","decl":{"start":{"line":28,"column":12},"end":{"line":28,"column":13}},"loc":{"start":{"line":28,"column":24},"end":{"line":28,"column":52}},"line":28},"12":{"name":"(anonymous_12)","decl":{"start":{"line":28,"column":60},"end":{"line":28,"column":61}},"loc":{"start":{"line":28,"column":71},"end":{"line":28,"column":82}},"line":28},"13":{"name":"(anonymous_13)","decl":{"start":{"line":31,"column":21},"end":{"line":31,"column":22}},"loc":{"start":{"line":31,"column":47},"end":{"line":34,"column":3}},"line":31},"14":{"name":"(anonymous_14)","decl":{"start":{"line":33,"column":12},"end":{"line":33,"column":13}},"loc":{"start":{"line":33,"column":24},"end":{"line":33,"column":52}},"line":33},"15":{"name":"(anonymous_15)","decl":{"start":{"line":33,"column":60},"end":{"line":33,"column":61}},"loc":{"start":{"line":33,"column":71},"end":{"line":33,"column":82}},"line":33},"16":{"name":"(anonymous_16)","decl":{"start":{"line":36,"column":24},"end":{"line":36,"column":25}},"loc":{"start":{"line":36,"column":50},"end":{"line":39,"column":3}},"line":36},"17":{"name":"(anonymous_17)","decl":{"start":{"line":38,"column":12},"end":{"line":38,"column":13}},"loc":{"start":{"line":38,"column":24},"end":{"line":38,"column":52}},"line":38},"18":{"name":"(anonymous_18)","decl":{"start":{"line":38,"column":60},"end":{"line":38,"column":61}},"loc":{"start":{"line":38,"column":71},"end":{"line":38,"column":82}},"line":38}},"branchMap":{"0":{"loc":{"start":{"line":11,"column":8},"end":{"line":11,"column":83}},"type":"if","locations":[{"start":{"line":11,"column":8},"end":{"line":11,"column":83}},{"start":{},"end":{}}],"line":11}},"s":{"0":6,"1":6,"2":6,"3":6,"4":6,"5":12,"6":11,"7":0,"8":11,"9":1,"10":6,"11":2,"12":2,"13":0,"14":6,"15":10,"16":8,"17":2,"18":6,"19":1,"20":1,"21":0,"22":6,"23":1,"24":1,"25":0,"26":6,"27":9,"28":8,"29":1,"30":6},"f":{"0":6,"1":12,"2":11,"3":1,"4":2,"5":2,"6":0,"7":10,"8":8,"9":2,"10":1,"11":1,"12":0,"13":1,"14":1,"15":0,"16":9,"17":8,"18":1},"b":{"0":[0,11]},"_coverageSchema":"1a1c01bbd47fc00a2c39e90264f33305004495a9","hash":"e96a7e7b183b61103141b6bb876922ae68533f83"}
,"/var/www/html/projects/financialTools/src/routes/auth.js": {"path":"/var/www/html/projects/financialTools/src/routes/auth.js","statementMap":{"0":{"start":{"line":1,"column":16},"end":{"line":1,"column":34}},"1":{"start":{"line":2,"column":12},"end":{"line":2,"column":35}},"2":{"start":{"line":3,"column":15},"end":{"line":3,"column":34}},"3":{"start":{"line":4,"column":24},"end":{"line":4,"column":60}},"4":{"start":{"line":6,"column":0},"end":{"line":41,"column":2}},"5":{"start":{"line":7,"column":17},"end":{"line":7,"column":33}},"6":{"start":{"line":9,"column":2},"end":{"line":29,"column":5}},"7":{"start":{"line":10,"column":4},"end":{"line":28,"column":5}},"8":{"start":{"line":11,"column":19},"end":{"line":11,"column":78}},"9":{"start":{"line":12,"column":30},"end":{"line":12,"column":84}},"10":{"start":{"line":14,"column":6},"end":{"line":16,"column":7}},"11":{"start":{"line":15,"column":8},"end":{"line":15,"column":52}},"12":{"start":{"line":18,"column":22},"end":{"line":18,"column":37}},"13":{"start":{"line":19,"column":20},"end":{"line":19,"column":78}},"14":{"start":{"line":21,"column":6},"end":{"line":25,"column":9}},"15":{"start":{"line":27,"column":6},"end":{"line":27,"column":25}},"16":{"start":{"line":31,"column":2},"end":{"line":38,"column":5}},"17":{"start":{"line":32,"column":4},"end":{"line":37,"column":5}},"18":{"start":{"line":33,"column":21},"end":{"line":33,"column":60}},"19":{"start":{"line":34,"column":6},"end":{"line":34,"column":42}},"20":{"start":{"line":36,"column":6},"end":{"line":36,"column":25}},"21":{"start":{"line":40,"column":2},"end":{"line":40,"column":16}}},"fnMap":{"0":{"name":"(anonymous_0)","decl":{"start":{"line":6,"column":17},"end":{"line":6,"column":18}},"loc":{"start":{"line":6,"column":26},"end":{"line":41,"column":1}},"line":6},"1":{"name":"(anonymous_1)","decl":{"start":{"line":9,"column":25},"end":{"line":9,"column":26}},"loc":{"start":{"line":9,"column":51},"end":{"line":29,"column":3}},"line":9},"2":{"name":"(anonymous_2)","decl":{"start":{"line":31,"column":25},"end":{"line":31,"column":26}},"loc":{"start":{"line":31,"column":51},"end":{"line":38,"column":3}},"line":31}},"branchMap":{"0":{"loc":{"start":{"line":14,"column":6},"end":{"line":16,"column":7}},"type":"if","locations":[{"start":{"line":14,"column":6},"end":{"line":16,"column":7}},{"start":{},"end":{}}],"line":14}},"s":{"0":6,"1":6,"2":6,"3":6,"4":6,"5":6,"6":6,"7":10,"8":10,"9":10,"10":10,"11":1,"12":9,"13":9,"14":9,"15":1,"16":6,"17":9,"18":9,"19":9,"20":0,"21":6},"f":{"0":6,"1":10,"2":9},"b":{"0":[1,9]},"_coverageSchema":"1a1c01bbd47fc00a2c39e90264f33305004495a9","hash":"53539f7fe20f3b90c61f20cfc9b2a37c84d4379d"}
,"/var/www/html/projects/financialTools/src/routes/balance.js": {"path":"/var/www/html/projects/financialTools/src/routes/balance.js","statementMap":{"0":{"start":{"line":1,"column":16},"end":{"line":1,"column":34}},"1":{"start":{"line":2,"column":28},"end":{"line":2,"column":68}},"2":{"start":{"line":4,"column":0},"end":{"line":42,"column":2}},"3":{"start":{"line":5,"column":17},"end":{"line":5,"column":33}},"4":{"start":{"line":7,"column":2},"end":{"line":14,"column":5}},"5":{"start":{"line":8,"column":4},"end":{"line":13,"column":39}},"6":{"start":{"line":11,"column":8},"end":{"line":11,"column":93}},"7":{"start":{"line":11,"column":54},"end":{"line":11,"column":93}},"8":{"start":{"line":12,"column":8},"end":{"line":12,"column":15}},"9":{"start":{"line":13,"column":26},"end":{"line":13,"column":37}},"10":{"start":{"line":16,"column":2},"end":{"line":19,"column":5}},"11":{"start":{"line":17,"column":4},"end":{"line":18,"column":88}},"12":{"start":{"line":18,"column":24},"end":{"line":18,"column":56}},"13":{"start":{"line":18,"column":75},"end":{"line":18,"column":86}},"14":{"start":{"line":21,"column":2},"end":{"line":24,"column":5}},"15":{"start":{"line":22,"column":4},"end":{"line":23,"column":84}},"16":{"start":{"line":23,"column":24},"end":{"line":23,"column":52}},"17":{"start":{"line":23,"column":71},"end":{"line":23,"column":82}},"18":{"start":{"line":26,"column":2},"end":{"line":29,"column":5}},"19":{"start":{"line":27,"column":4},"end":{"line":28,"column":84}},"20":{"start":{"line":28,"column":24},"end":{"line":28,"column":52}},"21":{"start":{"line":28,"column":71},"end":{"line":28,"column":82}},"22":{"start":{"line":31,"column":2},"end":{"line":34,"column":5}},"23":{"start":{"line":32,"column":4},"end":{"line":33,"column":84}},"24":{"start":{"line":33,"column":24},"end":{"line":33,"column":52}},"25":{"start":{"line":33,"column":71},"end":{"line":33,"column":82}},"26":{"start":{"line":36,"column":2},"end":{"line":39,"column":5}},"27":{"start":{"line":37,"column":4},"end":{"line":38,"column":84}},"28":{"start":{"line":38,"column":24},"end":{"line":38,"column":52}},"29":{"start":{"line":38,"column":71},"end":{"line":38,"column":82}},"30":{"start":{"line":41,"column":2},"end":{"line":41,"column":16}}},"fnMap":{"0":{"name":"(anonymous_0)","decl":{"start":{"line":4,"column":17},"end":{"line":4,"column":18}},"loc":{"start":{"line":4,"column":26},"end":{"line":42,"column":1}},"line":4},"1":{"name":"(anonymous_1)","decl":{"start":{"line":7,"column":21},"end":{"line":7,"column":22}},"loc":{"start":{"line":7,"column":47},"end":{"line":14,"column":3}},"line":7},"2":{"name":"(anonymous_2)","decl":{"start":{"line":10,"column":12},"end":{"line":10,"column":13}},"loc":{"start":{"line":10,"column":24},"end":{"line":13,"column":7}},"line":10},"3":{"name":"(anonymous_3)","decl":{"start":{"line":13,"column":15},"end":{"line":13,"column":16}},"loc":{"start":{"line":13,"column":26},"end":{"line":13,"column":37}},"line":13},"4":{"name":"(anonymous_4)","decl":{"start":{"line":16,"column":18},"end":{"line":16,"column":19}},"loc":{"start":{"line":16,"column":44},"end":{"line":19,"column":3}},"line":16},"5":{"name":"(anonymous_5)","decl":{"start":{"line":18,"column":12},"end":{"line":18,"column":13}},"loc":{"start":{"line":18,"column":24},"end":{"line":18,"column":56}},"line":18},"6":{"name":"(anonymous_6)","decl":{"start":{"line":18,"column":64},"end":{"line":18,"column":65}},"loc":{"start":{"line":18,"column":75},"end":{"line":18,"column":86}},"line":18},"7":{"name":"(anonymous_7)","decl":{"start":{"line":21,"column":19},"end":{"line":21,"column":20}},"loc":{"start":{"line":21,"column":45},"end":{"line":24,"column":3}},"line":21},"8":{"name":"(anonymous_8)","decl":{"start":{"line":23,"column":12},"end":{"line":23,"column":13}},"loc":{"start":{"line":23,"column":24},"end":{"line":23,"column":52}},"line":23},"9":{"name":"(anonymous_9)","decl":{"start":{"line":23,"column":60},"end":{"line":23,"column":61}},"loc":{"start":{"line":23,"column":71},"end":{"line":23,"column":82}},"line":23},"10":{"name":"(anonymous_10)","decl":{"start":{"line":26,"column":21},"end":{"line":26,"column":22}},"loc":{"start":{"line":26,"column":47},"end":{"line":29,"column":3}},"line":26},"11":{"name":"(anonymous_11)","decl":{"start":{"line":28,"column":12},"end":{"line":28,"column":13}},"loc":{"start":{"line":28,"column":24},"end":{"line":28,"column":52}},"line":28},"12":{"name":"(anonymous_12)","decl":{"start":{"line":28,"column":60},"end":{"line":28,"column":61}},"loc":{"start":{"line":28,"column":71},"end":{"line":28,"column":82}},"line":28},"13":{"name":"(anonymous_13)","decl":{"start":{"line":31,"column":24},"end":{"line":31,"column":25}},"loc":{"start":{"line":31,"column":50},"end":{"line":34,"column":3}},"line":31},"14":{"name":"(anonymous_14)","decl":{"start":{"line":33,"column":12},"end":{"line":33,"column":13}},"loc":{"start":{"line":33,"column":24},"end":{"line":33,"column":52}},"line":33},"15":{"name":"(anonymous_15)","decl":{"start":{"line":33,"column":60},"end":{"line":33,"column":61}},"loc":{"start":{"line":33,"column":71},"end":{"line":33,"column":82}},"line":33},"16":{"name":"(anonymous_16)","decl":{"start":{"line":36,"column":21},"end":{"line":36,"column":22}},"loc":{"start":{"line":36,"column":47},"end":{"line":39,"column":3}},"line":36},"17":{"name":"(anonymous_17)","decl":{"start":{"line":38,"column":12},"end":{"line":38,"column":13}},"loc":{"start":{"line":38,"column":24},"end":{"line":38,"column":52}},"line":38},"18":{"name":"(anonymous_18)","decl":{"start":{"line":38,"column":60},"end":{"line":38,"column":61}},"loc":{"start":{"line":38,"column":71},"end":{"line":38,"column":82}},"line":38}},"branchMap":{"0":{"loc":{"start":{"line":11,"column":8},"end":{"line":11,"column":93}},"type":"if","locations":[{"start":{"line":11,"column":8},"end":{"line":11,"column":93}},{"start":{},"end":{}}],"line":11}},"s":{"0":6,"1":6,"2":6,"3":6,"4":6,"5":0,"6":0,"7":0,"8":0,"9":0,"10":6,"11":4,"12":4,"13":0,"14":6,"15":0,"16":0,"17":0,"18":6,"19":0,"20":0,"21":0,"22":6,"23":0,"24":0,"25":0,"26":6,"27":0,"28":0,"29":0,"30":6},"f":{"0":6,"1":0,"2":0,"3":0,"4":4,"5":4,"6":0,"7":0,"8":0,"9":0,"10":0,"11":0,"12":0,"13":0,"14":0,"15":0,"16":0,"17":0,"18":0},"b":{"0":[0,0]},"_coverageSchema":"1a1c01bbd47fc00a2c39e90264f33305004495a9","hash":"0309583d0841f7c3e1a70877791c2e0f4bd677dc"}
,"/var/www/html/projects/financialTools/src/routes/transactions.js": {"path":"/var/www/html/projects/financialTools/src/routes/transactions.js","statementMap":{"0":{"start":{"line":1,"column":16},"end":{"line":1,"column":34}},"1":{"start":{"line":2,"column":28},"end":{"line":2,"column":68}},"2":{"start":{"line":4,"column":0},"end":{"line":42,"column":2}},"3":{"start":{"line":5,"column":17},"end":{"line":5,"column":33}},"4":{"start":{"line":7,"column":2},"end":{"line":14,"column":5}},"5":{"start":{"line":8,"column":4},"end":{"line":13,"column":39}},"6":{"start":{"line":11,"column":8},"end":{"line":11,"column":93}},"7":{"start":{"line":11,"column":54},"end":{"line":11,"column":93}},"8":{"start":{"line":12,"column":8},"end":{"line":12,"column":15}},"9":{"start":{"line":13,"column":26},"end":{"line":13,"column":37}},"10":{"start":{"line":16,"column":2},"end":{"line":19,"column":5}},"11":{"start":{"line":17,"column":4},"end":{"line":18,"column":88}},"12":{"start":{"line":18,"column":24},"end":{"line":18,"column":56}},"13":{"start":{"line":18,"column":75},"end":{"line":18,"column":86}},"14":{"start":{"line":21,"column":2},"end":{"line":24,"column":5}},"15":{"start":{"line":22,"column":4},"end":{"line":23,"column":84}},"16":{"start":{"line":23,"column":24},"end":{"line":23,"column":52}},"17":{"start":{"line":23,"column":71},"end":{"line":23,"column":82}},"18":{"start":{"line":26,"column":2},"end":{"line":29,"column":5}},"19":{"start":{"line":27,"column":4},"end":{"line":28,"column":84}},"20":{"start":{"line":28,"column":24},"end":{"line":28,"column":52}},"21":{"start":{"line":28,"column":71},"end":{"line":28,"column":82}},"22":{"start":{"line":31,"column":2},"end":{"line":34,"column":5}},"23":{"start":{"line":32,"column":4},"end":{"line":33,"column":84}},"24":{"start":{"line":33,"column":24},"end":{"line":33,"column":52}},"25":{"start":{"line":33,"column":71},"end":{"line":33,"column":82}},"26":{"start":{"line":36,"column":2},"end":{"line":39,"column":5}},"27":{"start":{"line":37,"column":4},"end":{"line":38,"column":84}},"28":{"start":{"line":38,"column":24},"end":{"line":38,"column":52}},"29":{"start":{"line":38,"column":71},"end":{"line":38,"column":82}},"30":{"start":{"line":41,"column":2},"end":{"line":41,"column":16}}},"fnMap":{"0":{"name":"(anonymous_0)","decl":{"start":{"line":4,"column":17},"end":{"line":4,"column":18}},"loc":{"start":{"line":4,"column":26},"end":{"line":42,"column":1}},"line":4},"1":{"name":"(anonymous_1)","decl":{"start":{"line":7,"column":21},"end":{"line":7,"column":22}},"loc":{"start":{"line":7,"column":47},"end":{"line":14,"column":3}},"line":7},"2":{"name":"(anonymous_2)","decl":{"start":{"line":10,"column":12},"end":{"line":10,"column":13}},"loc":{"start":{"line":10,"column":24},"end":{"line":13,"column":7}},"line":10},"3":{"name":"(anonymous_3)","decl":{"start":{"line":13,"column":15},"end":{"line":13,"column":16}},"loc":{"start":{"line":13,"column":26},"end":{"line":13,"column":37}},"line":13},"4":{"name":"(anonymous_4)","decl":{"start":{"line":16,"column":18},"end":{"line":16,"column":19}},"loc":{"start":{"line":16,"column":44},"end":{"line":19,"column":3}},"line":16},"5":{"name":"(anonymous_5)","decl":{"start":{"line":18,"column":12},"end":{"line":18,"column":13}},"loc":{"start":{"line":18,"column":24},"end":{"line":18,"column":56}},"line":18},"6":{"name":"(anonymous_6)","decl":{"start":{"line":18,"column":64},"end":{"line":18,"column":65}},"loc":{"start":{"line":18,"column":75},"end":{"line":18,"column":86}},"line":18},"7":{"name":"(anonymous_7)","decl":{"start":{"line":21,"column":19},"end":{"line":21,"column":20}},"loc":{"start":{"line":21,"column":45},"end":{"line":24,"column":3}},"line":21},"8":{"name":"(anonymous_8)","decl":{"start":{"line":23,"column":12},"end":{"line":23,"column":13}},"loc":{"start":{"line":23,"column":24},"end":{"line":23,"column":52}},"line":23},"9":{"name":"(anonymous_9)","decl":{"start":{"line":23,"column":60},"end":{"line":23,"column":61}},"loc":{"start":{"line":23,"column":71},"end":{"line":23,"column":82}},"line":23},"10":{"name":"(anonymous_10)","decl":{"start":{"line":26,"column":21},"end":{"line":26,"column":22}},"loc":{"start":{"line":26,"column":47},"end":{"line":29,"column":3}},"line":26},"11":{"name":"(anonymous_11)","decl":{"start":{"line":28,"column":12},"end":{"line":28,"column":13}},"loc":{"start":{"line":28,"column":24},"end":{"line":28,"column":52}},"line":28},"12":{"name":"(anonymous_12)","decl":{"start":{"line":28,"column":60},"end":{"line":28,"column":61}},"loc":{"start":{"line":28,"column":71},"end":{"line":28,"column":82}},"line":28},"13":{"name":"(anonymous_13)","decl":{"start":{"line":31,"column":24},"end":{"line":31,"column":25}},"loc":{"start":{"line":31,"column":50},"end":{"line":34,"column":3}},"line":31},"14":{"name":"(anonymous_14)","decl":{"start":{"line":33,"column":12},"end":{"line":33,"column":13}},"loc":{"start":{"line":33,"column":24},"end":{"line":33,"column":52}},"line":33},"15":{"name":"(anonymous_15)","decl":{"start":{"line":33,"column":60},"end":{"line":33,"column":61}},"loc":{"start":{"line":33,"column":71},"end":{"line":33,"column":82}},"line":33},"16":{"name":"(anonymous_16)","decl":{"start":{"line":36,"column":21},"end":{"line":36,"column":22}},"loc":{"start":{"line":36,"column":47},"end":{"line":39,"column":3}},"line":36},"17":{"name":"(anonymous_17)","decl":{"start":{"line":38,"column":12},"end":{"line":38,"column":13}},"loc":{"start":{"line":38,"column":24},"end":{"line":38,"column":52}},"line":38},"18":{"name":"(anonymous_18)","decl":{"start":{"line":38,"column":60},"end":{"line":38,"column":61}},"loc":{"start":{"line":38,"column":71},"end":{"line":38,"column":82}},"line":38}},"branchMap":{"0":{"loc":{"start":{"line":11,"column":8},"end":{"line":11,"column":93}},"type":"if","locations":[{"start":{"line":11,"column":8},"end":{"line":11,"column":93}},{"start":{},"end":{}}],"line":11}},"s":{"0":6,"1":6,"2":6,"3":6,"4":6,"5":7,"6":6,"7":1,"8":5,"9":1,"10":6,"11":1,"12":1,"13":0,"14":6,"15":8,"16":3,"17":5,"18":6,"19":1,"20":1,"21":0,"22":6,"23":3,"24":3,"25":0,"26":6,"27":1,"28":1,"29":0,"30":6},"f":{"0":6,"1":7,"2":6,"3":1,"4":1,"5":1,"6":0,"7":8,"8":3,"9":5,"10":1,"11":1,"12":0,"13":3,"14":3,"15":0,"16":1,"17":1,"18":0},"b":{"0":[1,5]},"_coverageSchema":"1a1c01bbd47fc00a2c39e90264f33305004495a9","hash":"116edece02b79262e9f13272a145b92cc8083a5f"}
,"/var/www/html/projects/financialTools/src/routes/transfer.js": {"path":"/var/www/html/projects/financialTools/src/routes/transfer.js","statementMap":{"0":{"start":{"line":1,"column":16},"end":{"line":1,"column":34}},"1":{"start":{"line":2,"column":28},"end":{"line":2,"column":68}},"2":{"start":{"line":4,"column":0},"end":{"line":47,"column":2}},"3":{"start":{"line":5,"column":17},"end":{"line":5,"column":33}},"4":{"start":{"line":7,"column":19},"end":{"line":10,"column":3}},"5":{"start":{"line":8,"column":4},"end":{"line":9,"column":56}},"6":{"start":{"line":9,"column":18},"end":{"line":9,"column":24}},"7":{"start":{"line":9,"column":43},"end":{"line":9,"column":54}},"8":{"start":{"line":12,"column":2},"end":{"line":19,"column":5}},"9":{"start":{"line":13,"column":4},"end":{"line":18,"column":39}},"10":{"start":{"line":16,"column":8},"end":{"line":16,"column":93}},"11":{"start":{"line":16,"column":54},"end":{"line":16,"column":93}},"12":{"start":{"line":17,"column":8},"end":{"line":17,"column":15}},"13":{"start":{"line":18,"column":26},"end":{"line":18,"column":37}},"14":{"start":{"line":21,"column":2},"end":{"line":24,"column":5}},"15":{"start":{"line":22,"column":4},"end":{"line":23,"column":88}},"16":{"start":{"line":23,"column":24},"end":{"line":23,"column":56}},"17":{"start":{"line":23,"column":75},"end":{"line":23,"column":86}},"18":{"start":{"line":26,"column":2},"end":{"line":29,"column":5}},"19":{"start":{"line":27,"column":4},"end":{"line":28,"column":84}},"20":{"start":{"line":28,"column":24},"end":{"line":28,"column":52}},"21":{"start":{"line":28,"column":71},"end":{"line":28,"column":82}},"22":{"start":{"line":31,"column":2},"end":{"line":34,"column":5}},"23":{"start":{"line":32,"column":4},"end":{"line":33,"column":72}},"24":{"start":{"line":33,"column":18},"end":{"line":33,"column":40}},"25":{"start":{"line":33,"column":59},"end":{"line":33,"column":70}},"26":{"start":{"line":36,"column":2},"end":{"line":39,"column":5}},"27":{"start":{"line":37,"column":4},"end":{"line":38,"column":88}},"28":{"start":{"line":38,"column":24},"end":{"line":38,"column":56}},"29":{"start":{"line":38,"column":75},"end":{"line":38,"column":86}},"30":{"start":{"line":41,"column":2},"end":{"line":44,"column":5}},"31":{"start":{"line":42,"column":4},"end":{"line":43,"column":88}},"32":{"start":{"line":43,"column":24},"end":{"line":43,"column":56}},"33":{"start":{"line":43,"column":75},"end":{"line":43,"column":86}},"34":{"start":{"line":46,"column":2},"end":{"line":46,"column":16}}},"fnMap":{"0":{"name":"(anonymous_0)","decl":{"start":{"line":4,"column":17},"end":{"line":4,"column":18}},"loc":{"start":{"line":4,"column":26},"end":{"line":47,"column":1}},"line":4},"1":{"name":"(anonymous_1)","decl":{"start":{"line":7,"column":19},"end":{"line":7,"column":20}},"loc":{"start":{"line":7,"column":39},"end":{"line":10,"column":3}},"line":7},"2":{"name":"(anonymous_2)","decl":{"start":{"line":9,"column":12},"end":{"line":9,"column":13}},"loc":{"start":{"line":9,"column":18},"end":{"line":9,"column":24}},"line":9},"3":{"name":"(anonymous_3)","decl":{"start":{"line":9,"column":32},"end":{"line":9,"column":33}},"loc":{"start":{"line":9,"column":43},"end":{"line":9,"column":54}},"line":9},"4":{"name":"(anonymous_4)","decl":{"start":{"line":12,"column":21},"end":{"line":12,"column":22}},"loc":{"start":{"line":12,"column":47},"end":{"line":19,"column":3}},"line":12},"5":{"name":"(anonymous_5)","decl":{"start":{"line":15,"column":12},"end":{"line":15,"column":13}},"loc":{"start":{"line":15,"column":24},"end":{"line":18,"column":7}},"line":15},"6":{"name":"(anonymous_6)","decl":{"start":{"line":18,"column":15},"end":{"line":18,"column":16}},"loc":{"start":{"line":18,"column":26},"end":{"line":18,"column":37}},"line":18},"7":{"name":"(anonymous_7)","decl":{"start":{"line":21,"column":18},"end":{"line":21,"column":19}},"loc":{"start":{"line":21,"column":44},"end":{"line":24,"column":3}},"line":21},"8":{"name":"(anonymous_8)","decl":{"start":{"line":23,"column":12},"end":{"line":23,"column":13}},"loc":{"start":{"line":23,"column":24},"end":{"line":23,"column":56}},"line":23},"9":{"name":"(anonymous_9)","decl":{"start":{"line":23,"column":64},"end":{"line":23,"column":65}},"loc":{"start":{"line":23,"column":75},"end":{"line":23,"column":86}},"line":23},"10":{"name":"(anonymous_10)","decl":{"start":{"line":26,"column":29},"end":{"line":26,"column":30}},"loc":{"start":{"line":26,"column":55},"end":{"line":29,"column":3}},"line":26},"11":{"name":"(anonymous_11)","decl":{"start":{"line":28,"column":12},"end":{"line":28,"column":13}},"loc":{"start":{"line":28,"column":24},"end":{"line":28,"column":52}},"line":28},"12":{"name":"(anonymous_12)","decl":{"start":{"line":28,"column":60},"end":{"line":28,"column":61}},"loc":{"start":{"line":28,"column":71},"end":{"line":28,"column":82}},"line":28},"13":{"name":"(anonymous_13)","decl":{"start":{"line":31,"column":24},"end":{"line":31,"column":25}},"loc":{"start":{"line":31,"column":50},"end":{"line":34,"column":3}},"line":31},"14":{"name":"(anonymous_14)","decl":{"start":{"line":33,"column":12},"end":{"line":33,"column":13}},"loc":{"start":{"line":33,"column":18},"end":{"line":33,"column":40}},"line":33},"15":{"name":"(anonymous_15)","decl":{"start":{"line":33,"column":48},"end":{"line":33,"column":49}},"loc":{"start":{"line":33,"column":59},"end":{"line":33,"column":70}},"line":33},"16":{"name":"(anonymous_16)","decl":{"start":{"line":36,"column":21},"end":{"line":36,"column":22}},"loc":{"start":{"line":36,"column":47},"end":{"line":39,"column":3}},"line":36},"17":{"name":"(anonymous_17)","decl":{"start":{"line":38,"column":12},"end":{"line":38,"column":13}},"loc":{"start":{"line":38,"column":24},"end":{"line":38,"column":56}},"line":38},"18":{"name":"(anonymous_18)","decl":{"start":{"line":38,"column":64},"end":{"line":38,"column":65}},"loc":{"start":{"line":38,"column":75},"end":{"line":38,"column":86}},"line":38},"19":{"name":"(anonymous_19)","decl":{"start":{"line":41,"column":21},"end":{"line":41,"column":22}},"loc":{"start":{"line":41,"column":47},"end":{"line":44,"column":3}},"line":41},"20":{"name":"(anonymous_20)","decl":{"start":{"line":43,"column":12},"end":{"line":43,"column":13}},"loc":{"start":{"line":43,"column":24},"end":{"line":43,"column":56}},"line":43},"21":{"name":"(anonymous_21)","decl":{"start":{"line":43,"column":64},"end":{"line":43,"column":65}},"loc":{"start":{"line":43,"column":75},"end":{"line":43,"column":86}},"line":43}},"branchMap":{"0":{"loc":{"start":{"line":16,"column":8},"end":{"line":16,"column":93}},"type":"if","locations":[{"start":{"line":16,"column":8},"end":{"line":16,"column":93}},{"start":{},"end":{}}],"line":16}},"s":{"0":6,"1":6,"2":6,"3":6,"4":6,"5":1,"6":1,"7":0,"8":6,"9":5,"10":4,"11":1,"12":3,"13":1,"14":6,"15":1,"16":1,"17":0,"18":6,"19":1,"20":1,"21":0,"22":6,"23":1,"24":1,"25":0,"26":6,"27":1,"28":1,"29":0,"30":6,"31":1,"32":1,"33":0,"34":6},"f":{"0":6,"1":1,"2":1,"3":0,"4":5,"5":4,"6":1,"7":1,"8":1,"9":0,"10":1,"11":1,"12":0,"13":1,"14":1,"15":0,"16":1,"17":1,"18":0,"19":1,"20":1,"21":0},"b":{"0":[1,3]},"_coverageSchema":"1a1c01bbd47fc00a2c39e90264f33305004495a9","hash":"5133d1ec163370f7d272a102158575d2d6b712b4"}
,"/var/www/html/projects/financialTools/src/routes/users.js": {"path":"/var/www/html/projects/financialTools/src/routes/users.js","statementMap":{"0":{"start":{"line":1,"column":16},"end":{"line":1,"column":34}},"1":{"start":{"line":3,"column":0},"end":{"line":43,"column":2}},"2":{"start":{"line":4,"column":17},"end":{"line":4,"column":33}},"3":{"start":{"line":6,"column":2},"end":{"line":13,"column":5}},"4":{"start":{"line":7,"column":4},"end":{"line":12,"column":5}},"5":{"start":{"line":8,"column":21},"end":{"line":8,"column":63}},"6":{"start":{"line":9,"column":6},"end":{"line":9,"column":46}},"7":{"start":{"line":11,"column":6},"end":{"line":11,"column":25}},"8":{"start":{"line":15,"column":2},"end":{"line":22,"column":5}},"9":{"start":{"line":16,"column":4},"end":{"line":21,"column":5}},"10":{"start":{"line":17,"column":21},"end":{"line":17,"column":75}},"11":{"start":{"line":18,"column":6},"end":{"line":18,"column":42}},"12":{"start":{"line":20,"column":6},"end":{"line":20,"column":25}},"13":{"start":{"line":24,"column":2},"end":{"line":31,"column":5}},"14":{"start":{"line":25,"column":4},"end":{"line":30,"column":5}},"15":{"start":{"line":26,"column":6},"end":{"line":26,"column":53}},"16":{"start":{"line":27,"column":6},"end":{"line":27,"column":36}},"17":{"start":{"line":29,"column":6},"end":{"line":29,"column":25}},"18":{"start":{"line":33,"column":2},"end":{"line":40,"column":5}},"19":{"start":{"line":34,"column":4},"end":{"line":39,"column":5}},"20":{"start":{"line":35,"column":21},"end":{"line":35,"column":60}},"21":{"start":{"line":36,"column":6},"end":{"line":36,"column":42}},"22":{"start":{"line":38,"column":6},"end":{"line":38,"column":25}},"23":{"start":{"line":42,"column":2},"end":{"line":42,"column":16}}},"fnMap":{"0":{"name":"(anonymous_0)","decl":{"start":{"line":3,"column":17},"end":{"line":3,"column":18}},"loc":{"start":{"line":3,"column":26},"end":{"line":43,"column":1}},"line":3},"1":{"name":"(anonymous_1)","decl":{"start":{"line":6,"column":18},"end":{"line":6,"column":19}},"loc":{"start":{"line":6,"column":44},"end":{"line":13,"column":3}},"line":6},"2":{"name":"(anonymous_2)","decl":{"start":{"line":15,"column":21},"end":{"line":15,"column":22}},"loc":{"start":{"line":15,"column":47},"end":{"line":22,"column":3}},"line":15},"3":{"name":"(anonymous_3)","decl":{"start":{"line":24,"column":24},"end":{"line":24,"column":25}},"loc":{"start":{"line":24,"column":50},"end":{"line":31,"column":3}},"line":24},"4":{"name":"(anonymous_4)","decl":{"start":{"line":33,"column":19},"end":{"line":33,"column":20}},"loc":{"start":{"line":33,"column":45},"end":{"line":40,"column":3}},"line":33}},"branchMap":{},"s":{"0":6,"1":6,"2":6,"3":6,"4":1,"5":1,"6":1,"7":0,"8":6,"9":1,"10":1,"11":1,"12":0,"13":6,"14":9,"15":9,"16":9,"17":0,"18":6,"19":4,"20":4,"21":0,"22":4,"23":6},"f":{"0":6,"1":1,"2":1,"3":9,"4":4},"b":{},"_coverageSchema":"1a1c01bbd47fc00a2c39e90264f33305004495a9","hash":"14ed08499c3ecb6923abfa52b10424ab384e0812"}
,"/var/www/html/projects/financialTools/src/services/accounts.js": {"path":"/var/www/html/projects/financialTools/src/services/accounts.js","statementMap":{"0":{"start":{"line":2,"column":24},"end":{"line":2,"column":60}},"1":{"start":{"line":3,"column":22},"end":{"line":3,"column":51}},"2":{"start":{"line":6,"column":0},"end":{"line":51,"column":2}},"3":{"start":{"line":7,"column":18},"end":{"line":10,"column":3}},"4":{"start":{"line":8,"column":20},"end":{"line":8,"column":66}},"5":{"start":{"line":9,"column":4},"end":{"line":9,"column":19}},"6":{"start":{"line":12,"column":15},"end":{"line":23,"column":3}},"7":{"start":{"line":13,"column":4},"end":{"line":13,"column":73}},"8":{"start":{"line":13,"column":19},"end":{"line":13,"column":73}},"9":{"start":{"line":14,"column":4},"end":{"line":14,"column":79}},"10":{"start":{"line":14,"column":22},"end":{"line":14,"column":79}},"11":{"start":{"line":15,"column":16},"end":{"line":15,"column":71}},"12":{"start":{"line":16,"column":4},"end":{"line":16,"column":87}},"13":{"start":{"line":16,"column":24},"end":{"line":16,"column":87}},"14":{"start":{"line":17,"column":19},"end":{"line":20,"column":6}},"15":{"start":{"line":22,"column":4},"end":{"line":22,"column":18}},"16":{"start":{"line":25,"column":18},"end":{"line":29,"column":3}},"17":{"start":{"line":26,"column":19},"end":{"line":26,"column":71}},"18":{"start":{"line":27,"column":4},"end":{"line":27,"column":67}},"19":{"start":{"line":27,"column":17},"end":{"line":27,"column":67}},"20":{"start":{"line":28,"column":4},"end":{"line":28,"column":18}},"21":{"start":{"line":31,"column":17},"end":{"line":38,"column":3}},"22":{"start":{"line":32,"column":19},"end":{"line":36,"column":5}},"23":{"start":{"line":37,"column":4},"end":{"line":37,"column":18}},"24":{"start":{"line":40,"column":20},"end":{"line":46,"column":3}},"25":{"start":{"line":41,"column":4},"end":{"line":41,"column":59}},"26":{"start":{"line":41,"column":13},"end":{"line":41,"column":59}},"27":{"start":{"line":42,"column":25},"end":{"line":42,"column":83}},"28":{"start":{"line":43,"column":4},"end":{"line":43,"column":110}},"29":{"start":{"line":43,"column":33},"end":{"line":43,"column":110}},"30":{"start":{"line":44,"column":19},"end":{"line":44,"column":61}},"31":{"start":{"line":45,"column":4},"end":{"line":45,"column":18}},"32":{"start":{"line":48,"column":2},"end":{"line":50,"column":4}}},"fnMap":{"0":{"name":"(anonymous_0)","decl":{"start":{"line":6,"column":17},"end":{"line":6,"column":18}},"loc":{"start":{"line":6,"column":26},"end":{"line":51,"column":1}},"line":6},"1":{"name":"(anonymous_1)","decl":{"start":{"line":7,"column":18},"end":{"line":7,"column":19}},"loc":{"start":{"line":7,"column":41},"end":{"line":10,"column":3}},"line":7},"2":{"name":"(anonymous_2)","decl":{"start":{"line":12,"column":15},"end":{"line":12,"column":16}},"loc":{"start":{"line":12,"column":30},"end":{"line":23,"column":3}},"line":12},"3":{"name":"(anonymous_3)","decl":{"start":{"line":25,"column":18},"end":{"line":25,"column":19}},"loc":{"start":{"line":25,"column":32},"end":{"line":29,"column":3}},"line":25},"4":{"name":"(anonymous_4)","decl":{"start":{"line":31,"column":17},"end":{"line":31,"column":18}},"loc":{"start":{"line":31,"column":40},"end":{"line":38,"column":3}},"line":31},"5":{"name":"(anonymous_5)","decl":{"start":{"line":40,"column":20},"end":{"line":40,"column":21}},"loc":{"start":{"line":40,"column":34},"end":{"line":46,"column":3}},"line":40}},"branchMap":{"0":{"loc":{"start":{"line":7,"column":25},"end":{"line":7,"column":36}},"type":"default-arg","locations":[{"start":{"line":7,"column":34},"end":{"line":7,"column":36}}],"line":7},"1":{"loc":{"start":{"line":13,"column":4},"end":{"line":13,"column":73}},"type":"if","locations":[{"start":{"line":13,"column":4},"end":{"line":13,"column":73}},{"start":{},"end":{}}],"line":13},"2":{"loc":{"start":{"line":14,"column":4},"end":{"line":14,"column":79}},"type":"if","locations":[{"start":{"line":14,"column":4},"end":{"line":14,"column":79}},{"start":{},"end":{}}],"line":14},"3":{"loc":{"start":{"line":16,"column":4},"end":{"line":16,"column":87}},"type":"if","locations":[{"start":{"line":16,"column":4},"end":{"line":16,"column":87}},{"start":{},"end":{}}],"line":16},"4":{"loc":{"start":{"line":27,"column":4},"end":{"line":27,"column":67}},"type":"if","locations":[{"start":{"line":27,"column":4},"end":{"line":27,"column":67}},{"start":{},"end":{}}],"line":27},"5":{"loc":{"start":{"line":41,"column":4},"end":{"line":41,"column":59}},"type":"if","locations":[{"start":{"line":41,"column":4},"end":{"line":41,"column":59}},{"start":{},"end":{}}],"line":41},"6":{"loc":{"start":{"line":43,"column":4},"end":{"line":43,"column":110}},"type":"if","locations":[{"start":{"line":43,"column":4},"end":{"line":43,"column":110}},{"start":{},"end":{}}],"line":43}},"s":{"0":6,"1":6,"2":6,"3":6,"4":11,"5":11,"6":6,"7":10,"8":1,"9":9,"10":0,"11":9,"12":9,"13":1,"14":8,"15":8,"16":6,"17":13,"18":13,"19":1,"20":12,"21":6,"22":1,"23":1,"24":6,"25":9,"26":0,"27":9,"28":9,"29":1,"30":8,"31":8,"32":6},"f":{"0":6,"1":11,"2":10,"3":13,"4":1,"5":9},"b":{"0":[0],"1":[1,9],"2":[0,9],"3":[1,8],"4":[1,12],"5":[0,9],"6":[1,8]},"_coverageSchema":"1a1c01bbd47fc00a2c39e90264f33305004495a9","hash":"ab768967c3a513fce0078de018857e1c42f86221"}
,"/var/www/html/projects/financialTools/src/services/balance.js": {"path":"/var/www/html/projects/financialTools/src/services/balance.js","statementMap":{"0":{"start":{"line":2,"column":17},"end":{"line":2,"column":36}},"1":{"start":{"line":3,"column":27},"end":{"line":3,"column":60}},"2":{"start":{"line":4,"column":24},"end":{"line":4,"column":60}},"3":{"start":{"line":6,"column":0},"end":{"line":35,"column":2}},"4":{"start":{"line":7,"column":19},"end":{"line":32,"column":3}},"5":{"start":{"line":8,"column":4},"end":{"line":10,"column":5}},"6":{"start":{"line":9,"column":6},"end":{"line":9,"column":48}},"7":{"start":{"line":12,"column":19},"end":{"line":26,"column":6}},"8":{"start":{"line":27,"column":4},"end":{"line":29,"column":5}},"9":{"start":{"line":28,"column":6},"end":{"line":28,"column":56}},"10":{"start":{"line":31,"column":4},"end":{"line":31,"column":21}},"11":{"start":{"line":34,"column":2},"end":{"line":34,"column":22}}},"fnMap":{"0":{"name":"(anonymous_0)","decl":{"start":{"line":6,"column":17},"end":{"line":6,"column":18}},"loc":{"start":{"line":6,"column":26},"end":{"line":35,"column":1}},"line":6},"1":{"name":"(anonymous_1)","decl":{"start":{"line":7,"column":19},"end":{"line":7,"column":20}},"loc":{"start":{"line":7,"column":37},"end":{"line":32,"column":3}},"line":7}},"branchMap":{"0":{"loc":{"start":{"line":8,"column":4},"end":{"line":10,"column":5}},"type":"if","locations":[{"start":{"line":8,"column":4},"end":{"line":10,"column":5}},{"start":{},"end":{}}],"line":8},"1":{"loc":{"start":{"line":27,"column":4},"end":{"line":29,"column":5}},"type":"if","locations":[{"start":{"line":27,"column":4},"end":{"line":29,"column":5}},{"start":{},"end":{}}],"line":27},"2":{"loc":{"start":{"line":27,"column":8},"end":{"line":27,"column":33}},"type":"binary-expr","locations":[{"start":{"line":27,"column":8},"end":{"line":27,"column":15}},{"start":{"line":27,"column":19},"end":{"line":27,"column":33}}],"line":27}},"s":{"0":6,"1":6,"2":6,"3":6,"4":6,"5":4,"6":0,"7":4,"8":4,"9":0,"10":4,"11":6},"f":{"0":6,"1":4},"b":{"0":[0,4],"1":[0,4],"2":[4,4]},"_coverageSchema":"1a1c01bbd47fc00a2c39e90264f33305004495a9","hash":"60fa4c265b736f610a3449ed2a3d622ca7d820c3"}
,"/var/www/html/projects/financialTools/src/services/transactions.js": {"path":"/var/www/html/projects/financialTools/src/services/transactions.js","statementMap":{"0":{"start":{"line":1,"column":24},"end":{"line":1,"column":60}},"1":{"start":{"line":2,"column":26},"end":{"line":2,"column":59}},"2":{"start":{"line":5,"column":0},"end":{"line":90,"column":2}},"3":{"start":{"line":6,"column":18},"end":{"line":9,"column":3}},"4":{"start":{"line":7,"column":20},"end":{"line":7,"column":91}},"5":{"start":{"line":8,"column":4},"end":{"line":8,"column":19}},"6":{"start":{"line":11,"column":18},"end":{"line":16,"column":3}},"7":{"start":{"line":12,"column":4},"end":{"line":12,"column":59}},"8":{"start":{"line":12,"column":13},"end":{"line":12,"column":59}},"9":{"start":{"line":13,"column":19},"end":{"line":13,"column":55}},"10":{"start":{"line":14,"column":4},"end":{"line":14,"column":71}},"11":{"start":{"line":14,"column":17},"end":{"line":14,"column":71}},"12":{"start":{"line":15,"column":4},"end":{"line":15,"column":18}},"13":{"start":{"line":18,"column":17},"end":{"line":53,"column":3}},"14":{"start":{"line":21,"column":8},"end":{"line":21,"column":19}},"15":{"start":{"line":23,"column":4},"end":{"line":23,"column":81}},"16":{"start":{"line":23,"column":22},"end":{"line":23,"column":81}},"17":{"start":{"line":24,"column":4},"end":{"line":24,"column":71}},"18":{"start":{"line":24,"column":16},"end":{"line":24,"column":71}},"19":{"start":{"line":25,"column":4},"end":{"line":25,"column":69}},"20":{"start":{"line":25,"column":15},"end":{"line":25,"column":69}},"21":{"start":{"line":26,"column":4},"end":{"line":26,"column":78}},"22":{"start":{"line":26,"column":19},"end":{"line":26,"column":78}},"23":{"start":{"line":27,"column":4},"end":{"line":27,"column":69}},"24":{"start":{"line":27,"column":15},"end":{"line":27,"column":69}},"25":{"start":{"line":28,"column":4},"end":{"line":28,"column":75}},"26":{"start":{"line":28,"column":20},"end":{"line":28,"column":75}},"27":{"start":{"line":29,"column":4},"end":{"line":29,"column":74}},"28":{"start":{"line":29,"column":17},"end":{"line":29,"column":74}},"29":{"start":{"line":30,"column":4},"end":{"line":32,"column":5}},"30":{"start":{"line":31,"column":6},"end":{"line":31,"column":61}},"31":{"start":{"line":33,"column":21},"end":{"line":33,"column":22}},"32":{"start":{"line":34,"column":4},"end":{"line":38,"column":5}},"33":{"start":{"line":35,"column":6},"end":{"line":35,"column":26}},"34":{"start":{"line":37,"column":6},"end":{"line":37,"column":26}},"35":{"start":{"line":40,"column":27},"end":{"line":50,"column":6}},"36":{"start":{"line":52,"column":4},"end":{"line":52,"column":26}},"37":{"start":{"line":55,"column":20},"end":{"line":59,"column":3}},"38":{"start":{"line":56,"column":4},"end":{"line":56,"column":59}},"39":{"start":{"line":56,"column":13},"end":{"line":56,"column":59}},"40":{"start":{"line":57,"column":19},"end":{"line":57,"column":65}},"41":{"start":{"line":58,"column":4},"end":{"line":58,"column":18}},"42":{"start":{"line":61,"column":17},"end":{"line":85,"column":3}},"43":{"start":{"line":64,"column":8},"end":{"line":64,"column":19}},"44":{"start":{"line":66,"column":4},"end":{"line":66,"column":81}},"45":{"start":{"line":66,"column":22},"end":{"line":66,"column":81}},"46":{"start":{"line":67,"column":4},"end":{"line":67,"column":71}},"47":{"start":{"line":67,"column":16},"end":{"line":67,"column":71}},"48":{"start":{"line":68,"column":4},"end":{"line":68,"column":69}},"49":{"start":{"line":68,"column":15},"end":{"line":68,"column":69}},"50":{"start":{"line":69,"column":4},"end":{"line":69,"column":78}},"51":{"start":{"line":69,"column":19},"end":{"line":69,"column":78}},"52":{"start":{"line":70,"column":4},"end":{"line":70,"column":69}},"53":{"start":{"line":70,"column":15},"end":{"line":70,"column":69}},"54":{"start":{"line":71,"column":4},"end":{"line":71,"column":75}},"55":{"start":{"line":71,"column":20},"end":{"line":71,"column":75}},"56":{"start":{"line":72,"column":4},"end":{"line":72,"column":74}},"57":{"start":{"line":72,"column":17},"end":{"line":72,"column":74}},"58":{"start":{"line":73,"column":4},"end":{"line":75,"column":5}},"59":{"start":{"line":74,"column":6},"end":{"line":74,"column":61}},"60":{"start":{"line":77,"column":19},"end":{"line":83,"column":5}},"61":{"start":{"line":84,"column":4},"end":{"line":84,"column":18}},"62":{"start":{"line":87,"column":2},"end":{"line":89,"column":4}}},"fnMap":{"0":{"name":"(anonymous_0)","decl":{"start":{"line":5,"column":17},"end":{"line":5,"column":18}},"loc":{"start":{"line":5,"column":26},"end":{"line":90,"column":1}},"line":5},"1":{"name":"(anonymous_1)","decl":{"start":{"line":6,"column":18},"end":{"line":6,"column":19}},"loc":{"start":{"line":6,"column":41},"end":{"line":9,"column":3}},"line":6},"2":{"name":"(anonymous_2)","decl":{"start":{"line":11,"column":18},"end":{"line":11,"column":19}},"loc":{"start":{"line":11,"column":32},"end":{"line":16,"column":3}},"line":11},"3":{"name":"(anonymous_3)","decl":{"start":{"line":18,"column":17},"end":{"line":18,"column":18}},"loc":{"start":{"line":18,"column":40},"end":{"line":53,"column":3}},"line":18},"4":{"name":"(anonymous_4)","decl":{"start":{"line":55,"column":20},"end":{"line":55,"column":21}},"loc":{"start":{"line":55,"column":34},"end":{"line":59,"column":3}},"line":55},"5":{"name":"(anonymous_5)","decl":{"start":{"line":61,"column":17},"end":{"line":61,"column":18}},"loc":{"start":{"line":61,"column":44},"end":{"line":85,"column":3}},"line":61}},"branchMap":{"0":{"loc":{"start":{"line":6,"column":25},"end":{"line":6,"column":36}},"type":"default-arg","locations":[{"start":{"line":6,"column":34},"end":{"line":6,"column":36}}],"line":6},"1":{"loc":{"start":{"line":12,"column":4},"end":{"line":12,"column":59}},"type":"if","locations":[{"start":{"line":12,"column":4},"end":{"line":12,"column":59}},{"start":{},"end":{}}],"line":12},"2":{"loc":{"start":{"line":14,"column":4},"end":{"line":14,"column":71}},"type":"if","locations":[{"start":{"line":14,"column":4},"end":{"line":14,"column":71}},{"start":{},"end":{}}],"line":14},"3":{"loc":{"start":{"line":23,"column":4},"end":{"line":23,"column":81}},"type":"if","locations":[{"start":{"line":23,"column":4},"end":{"line":23,"column":81}},{"start":{},"end":{}}],"line":23},"4":{"loc":{"start":{"line":24,"column":4},"end":{"line":24,"column":71}},"type":"if","locations":[{"start":{"line":24,"column":4},"end":{"line":24,"column":71}},{"start":{},"end":{}}],"line":24},"5":{"loc":{"start":{"line":25,"column":4},"end":{"line":25,"column":69}},"type":"if","locations":[{"start":{"line":25,"column":4},"end":{"line":25,"column":69}},{"start":{},"end":{}}],"line":25},"6":{"loc":{"start":{"line":26,"column":4},"end":{"line":26,"column":78}},"type":"if","locations":[{"start":{"line":26,"column":4},"end":{"line":26,"column":78}},{"start":{},"end":{}}],"line":26},"7":{"loc":{"start":{"line":27,"column":4},"end":{"line":27,"column":69}},"type":"if","locations":[{"start":{"line":27,"column":4},"end":{"line":27,"column":69}},{"start":{},"end":{}}],"line":27},"8":{"loc":{"start":{"line":28,"column":4},"end":{"line":28,"column":75}},"type":"if","locations":[{"start":{"line":28,"column":4},"end":{"line":28,"column":75}},{"start":{},"end":{}}],"line":28},"9":{"loc":{"start":{"line":29,"column":4},"end":{"line":29,"column":74}},"type":"if","locations":[{"start":{"line":29,"column":4},"end":{"line":29,"column":74}},{"start":{},"end":{}}],"line":29},"10":{"loc":{"start":{"line":30,"column":4},"end":{"line":32,"column":5}},"type":"if","locations":[{"start":{"line":30,"column":4},"end":{"line":32,"column":5}},{"start":{},"end":{}}],"line":30},"11":{"loc":{"start":{"line":30,"column":10},"end":{"line":30,"column":63}},"type":"binary-expr","locations":[{"start":{"line":30,"column":10},"end":{"line":30,"column":37}},{"start":{"line":30,"column":41},"end":{"line":30,"column":63}}],"line":30},"12":{"loc":{"start":{"line":34,"column":4},"end":{"line":38,"column":5}},"type":"if","locations":[{"start":{"line":34,"column":4},"end":{"line":38,"column":5}},{"start":{"line":36,"column":11},"end":{"line":38,"column":5}}],"line":34},"13":{"loc":{"start":{"line":56,"column":4},"end":{"line":56,"column":59}},"type":"if","locations":[{"start":{"line":56,"column":4},"end":{"line":56,"column":59}},{"start":{},"end":{}}],"line":56},"14":{"loc":{"start":{"line":66,"column":4},"end":{"line":66,"column":81}},"type":"if","locations":[{"start":{"line":66,"column":4},"end":{"line":66,"column":81}},{"start":{},"end":{}}],"line":66},"15":{"loc":{"start":{"line":67,"column":4},"end":{"line":67,"column":71}},"type":"if","locations":[{"start":{"line":67,"column":4},"end":{"line":67,"column":71}},{"start":{},"end":{}}],"line":67},"16":{"loc":{"start":{"line":68,"column":4},"end":{"line":68,"column":69}},"type":"if","locations":[{"start":{"line":68,"column":4},"end":{"line":68,"column":69}},{"start":{},"end":{}}],"line":68},"17":{"loc":{"start":{"line":69,"column":4},"end":{"line":69,"column":78}},"type":"if","locations":[{"start":{"line":69,"column":4},"end":{"line":69,"column":78}},{"start":{},"end":{}}],"line":69},"18":{"loc":{"start":{"line":70,"column":4},"end":{"line":70,"column":69}},"type":"if","locations":[{"start":{"line":70,"column":4},"end":{"line":70,"column":69}},{"start":{},"end":{}}],"line":70},"19":{"loc":{"start":{"line":71,"column":4},"end":{"line":71,"column":75}},"type":"if","locations":[{"start":{"line":71,"column":4},"end":{"line":71,"column":75}},{"start":{},"end":{}}],"line":71},"20":{"loc":{"start":{"line":72,"column":4},"end":{"line":72,"column":74}},"type":"if","locations":[{"start":{"line":72,"column":4},"end":{"line":72,"column":74}},{"start":{},"end":{}}],"line":72},"21":{"loc":{"start":{"line":73,"column":4},"end":{"line":75,"column":5}},"type":"if","locations":[{"start":{"line":73,"column":4},"end":{"line":75,"column":5}},{"start":{},"end":{}}],"line":73},"22":{"loc":{"start":{"line":73,"column":10},"end":{"line":73,"column":63}},"type":"binary-expr","locations":[{"start":{"line":73,"column":10},"end":{"line":73,"column":37}},{"start":{"line":73,"column":41},"end":{"line":73,"column":63}}],"line":73}},"s":{"0":6,"1":6,"2":6,"3":6,"4":10,"5":10,"6":6,"7":8,"8":0,"9":8,"10":8,"11":1,"12":7,"13":6,"14":8,"15":8,"16":1,"17":7,"18":1,"19":6,"20":1,"21":5,"22":0,"23":5,"24":1,"25":4,"26":1,"27":3,"28":0,"29":3,"30":0,"31":3,"32":3,"33":3,"34":0,"35":3,"36":3,"37":6,"38":3,"39":0,"40":3,"41":3,"42":6,"43":1,"44":1,"45":0,"46":1,"47":0,"48":1,"49":0,"50":1,"51":0,"52":1,"53":0,"54":1,"55":0,"56":1,"57":0,"58":1,"59":0,"60":1,"61":1,"62":6},"f":{"0":6,"1":10,"2":8,"3":8,"4":3,"5":1},"b":{"0":[0],"1":[0,8],"2":[1,7],"3":[1,7],"4":[1,6],"5":[1,5],"6":[0,5],"7":[1,4],"8":[1,3],"9":[0,3],"10":[0,3],"11":[3,3],"12":[3,0],"13":[0,3],"14":[0,1],"15":[0,1],"16":[0,1],"17":[0,1],"18":[0,1],"19":[0,1],"20":[0,1],"21":[0,1],"22":[1,1]},"_coverageSchema":"1a1c01bbd47fc00a2c39e90264f33305004495a9","hash":"c8050b98f600a55db20063326abc7e6f64bfa21d"}
,"/var/www/html/projects/financialTools/src/services/transfer.js": {"path":"/var/www/html/projects/financialTools/src/services/transfer.js","statementMap":{"0":{"start":{"line":2,"column":24},"end":{"line":2,"column":60}},"1":{"start":{"line":3,"column":23},"end":{"line":3,"column":52}},"2":{"start":{"line":4,"column":22},"end":{"line":4,"column":51}},"3":{"start":{"line":7,"column":0},"end":{"line":90,"column":2}},"4":{"start":{"line":8,"column":19},"end":{"line":14,"column":3}},"5":{"start":{"line":9,"column":4},"end":{"line":9,"column":90}},"6":{"start":{"line":9,"column":31},"end":{"line":9,"column":90}},"7":{"start":{"line":10,"column":4},"end":{"line":10,"column":80}},"8":{"start":{"line":10,"column":25},"end":{"line":10,"column":80}},"9":{"start":{"line":11,"column":4},"end":{"line":11,"column":78}},"10":{"start":{"line":11,"column":24},"end":{"line":11,"column":78}},"11":{"start":{"line":12,"column":4},"end":{"line":12,"column":100}},"12":{"start":{"line":12,"column":35},"end":{"line":12,"column":100}},"13":{"start":{"line":13,"column":4},"end":{"line":13,"column":106}},"14":{"start":{"line":13,"column":40},"end":{"line":13,"column":106}},"15":{"start":{"line":16,"column":18},"end":{"line":19,"column":3}},"16":{"start":{"line":17,"column":20},"end":{"line":17,"column":67}},"17":{"start":{"line":18,"column":4},"end":{"line":18,"column":19}},"18":{"start":{"line":21,"column":18},"end":{"line":25,"column":3}},"19":{"start":{"line":22,"column":19},"end":{"line":22,"column":52}},"20":{"start":{"line":23,"column":4},"end":{"line":23,"column":75}},"21":{"start":{"line":23,"column":17},"end":{"line":23,"column":75}},"22":{"start":{"line":24,"column":4},"end":{"line":24,"column":18}},"23":{"start":{"line":27,"column":15},"end":{"line":58,"column":3}},"24":{"start":{"line":29,"column":26},"end":{"line":29,"column":80}},"25":{"start":{"line":30,"column":31},"end":{"line":30,"column":90}},"26":{"start":{"line":31,"column":4},"end":{"line":33,"column":5}},"27":{"start":{"line":32,"column":6},"end":{"line":32,"column":69}},"28":{"start":{"line":35,"column":4},"end":{"line":37,"column":5}},"29":{"start":{"line":36,"column":6},"end":{"line":36,"column":74}},"30":{"start":{"line":38,"column":4},"end":{"line":40,"column":5}},"31":{"start":{"line":39,"column":6},"end":{"line":39,"column":44}},"32":{"start":{"line":41,"column":4},"end":{"line":43,"column":5}},"33":{"start":{"line":42,"column":6},"end":{"line":42,"column":39}},"34":{"start":{"line":45,"column":19},"end":{"line":56,"column":6}},"35":{"start":{"line":57,"column":4},"end":{"line":57,"column":18}},"36":{"start":{"line":60,"column":17},"end":{"line":64,"column":3}},"37":{"start":{"line":61,"column":19},"end":{"line":61,"column":61}},"38":{"start":{"line":62,"column":4},"end":{"line":62,"column":75}},"39":{"start":{"line":62,"column":17},"end":{"line":62,"column":75}},"40":{"start":{"line":63,"column":4},"end":{"line":63,"column":18}},"41":{"start":{"line":66,"column":17},"end":{"line":85,"column":3}},"42":{"start":{"line":70,"column":8},"end":{"line":70,"column":16}},"43":{"start":{"line":72,"column":19},"end":{"line":83,"column":21}},"44":{"start":{"line":84,"column":4},"end":{"line":84,"column":18}},"45":{"start":{"line":87,"column":2},"end":{"line":89,"column":4}}},"fnMap":{"0":{"name":"(anonymous_0)","decl":{"start":{"line":7,"column":17},"end":{"line":7,"column":18}},"loc":{"start":{"line":7,"column":26},"end":{"line":90,"column":1}},"line":7},"1":{"name":"(anonymous_1)","decl":{"start":{"line":8,"column":19},"end":{"line":8,"column":20}},"loc":{"start":{"line":8,"column":39},"end":{"line":14,"column":3}},"line":8},"2":{"name":"(anonymous_2)","decl":{"start":{"line":16,"column":18},"end":{"line":16,"column":19}},"loc":{"start":{"line":16,"column":41},"end":{"line":19,"column":3}},"line":16},"3":{"name":"(anonymous_3)","decl":{"start":{"line":21,"column":18},"end":{"line":21,"column":19}},"loc":{"start":{"line":21,"column":32},"end":{"line":25,"column":3}},"line":21},"4":{"name":"(anonymous_4)","decl":{"start":{"line":27,"column":15},"end":{"line":27,"column":16}},"loc":{"start":{"line":27,"column":35},"end":{"line":58,"column":3}},"line":27},"5":{"name":"(anonymous_5)","decl":{"start":{"line":60,"column":17},"end":{"line":60,"column":18}},"loc":{"start":{"line":60,"column":31},"end":{"line":64,"column":3}},"line":60},"6":{"name":"(anonymous_6)","decl":{"start":{"line":66,"column":17},"end":{"line":66,"column":18}},"loc":{"start":{"line":66,"column":41},"end":{"line":85,"column":3}},"line":66}},"branchMap":{"0":{"loc":{"start":{"line":9,"column":4},"end":{"line":9,"column":90}},"type":"if","locations":[{"start":{"line":9,"column":4},"end":{"line":9,"column":90}},{"start":{},"end":{}}],"line":9},"1":{"loc":{"start":{"line":10,"column":4},"end":{"line":10,"column":80}},"type":"if","locations":[{"start":{"line":10,"column":4},"end":{"line":10,"column":80}},{"start":{},"end":{}}],"line":10},"2":{"loc":{"start":{"line":11,"column":4},"end":{"line":11,"column":78}},"type":"if","locations":[{"start":{"line":11,"column":4},"end":{"line":11,"column":78}},{"start":{},"end":{}}],"line":11},"3":{"loc":{"start":{"line":12,"column":4},"end":{"line":12,"column":100}},"type":"if","locations":[{"start":{"line":12,"column":4},"end":{"line":12,"column":100}},{"start":{},"end":{}}],"line":12},"4":{"loc":{"start":{"line":13,"column":4},"end":{"line":13,"column":106}},"type":"if","locations":[{"start":{"line":13,"column":4},"end":{"line":13,"column":106}},{"start":{},"end":{}}],"line":13},"5":{"loc":{"start":{"line":16,"column":25},"end":{"line":16,"column":36}},"type":"default-arg","locations":[{"start":{"line":16,"column":34},"end":{"line":16,"column":36}}],"line":16},"6":{"loc":{"start":{"line":23,"column":4},"end":{"line":23,"column":75}},"type":"if","locations":[{"start":{"line":23,"column":4},"end":{"line":23,"column":75}},{"start":{},"end":{}}],"line":23},"7":{"loc":{"start":{"line":31,"column":4},"end":{"line":33,"column":5}},"type":"if","locations":[{"start":{"line":31,"column":4},"end":{"line":33,"column":5}},{"start":{},"end":{}}],"line":31},"8":{"loc":{"start":{"line":31,"column":8},"end":{"line":31,"column":45}},"type":"binary-expr","locations":[{"start":{"line":31,"column":8},"end":{"line":31,"column":22}},{"start":{"line":31,"column":26},"end":{"line":31,"column":45}}],"line":31},"9":{"loc":{"start":{"line":35,"column":4},"end":{"line":37,"column":5}},"type":"if","locations":[{"start":{"line":35,"column":4},"end":{"line":37,"column":5}},{"start":{},"end":{}}],"line":35},"10":{"loc":{"start":{"line":38,"column":4},"end":{"line":40,"column":5}},"type":"if","locations":[{"start":{"line":38,"column":4},"end":{"line":40,"column":5}},{"start":{},"end":{}}],"line":38},"11":{"loc":{"start":{"line":41,"column":4},"end":{"line":43,"column":5}},"type":"if","locations":[{"start":{"line":41,"column":4},"end":{"line":43,"column":5}},{"start":{},"end":{}}],"line":41},"12":{"loc":{"start":{"line":62,"column":4},"end":{"line":62,"column":75}},"type":"if","locations":[{"start":{"line":62,"column":4},"end":{"line":62,"column":75}},{"start":{},"end":{}}],"line":62}},"s":{"0":6,"1":6,"2":6,"3":6,"4":6,"5":1,"6":0,"7":1,"8":0,"9":1,"10":0,"11":1,"12":0,"13":1,"14":0,"15":6,"16":1,"17":1,"18":6,"19":6,"20":6,"21":1,"22":5,"23":6,"24":1,"25":1,"26":1,"27":0,"28":1,"29":0,"30":1,"31":0,"32":1,"33":0,"34":1,"35":1,"36":6,"37":1,"38":1,"39":0,"40":1,"41":6,"42":1,"43":1,"44":1,"45":6},"f":{"0":6,"1":1,"2":1,"3":6,"4":1,"5":1,"6":1},"b":{"0":[0,1],"1":[0,1],"2":[0,1],"3":[0,1],"4":[0,1],"5":[0],"6":[1,5],"7":[0,1],"8":[1,1],"9":[0,1],"10":[0,1],"11":[0,1],"12":[0,1]},"_coverageSchema":"1a1c01bbd47fc00a2c39e90264f33305004495a9","hash":"03ead40c0578671b7bd18e25f839ddf5c0164d7d"}
,"/var/www/html/projects/financialTools/src/services/users.js": {"path":"/var/www/html/projects/financialTools/src/services/users.js","statementMap":{"0":{"start":{"line":2,"column":25},"end":{"line":2,"column":52}},"1":{"start":{"line":3,"column":24},"end":{"line":3,"column":60}},"2":{"start":{"line":4,"column":19},"end":{"line":4,"column":45}},"3":{"start":{"line":7,"column":0},"end":{"line":49,"column":2}},"4":{"start":{"line":8,"column":18},"end":{"line":8,"column":78}},"5":{"start":{"line":8,"column":35},"end":{"line":8,"column":78}},"6":{"start":{"line":10,"column":19},"end":{"line":22,"column":3}},"7":{"start":{"line":11,"column":4},"end":{"line":21,"column":5}},"8":{"start":{"line":12,"column":18},"end":{"line":12,"column":41}},"9":{"start":{"line":13,"column":6},"end":{"line":15,"column":7}},"10":{"start":{"line":14,"column":8},"end":{"line":14,"column":42}},"11":{"start":{"line":16,"column":21},"end":{"line":16,"column":39}},"12":{"start":{"line":17,"column":6},"end":{"line":17,"column":71}},"13":{"start":{"line":17,"column":19},"end":{"line":17,"column":71}},"14":{"start":{"line":18,"column":6},"end":{"line":18,"column":20}},"15":{"start":{"line":20,"column":6},"end":{"line":20,"column":39}},"16":{"start":{"line":24,"column":18},"end":{"line":24,"column":67}},"17":{"start":{"line":24,"column":41},"end":{"line":24,"column":67}},"18":{"start":{"line":26,"column":17},"end":{"line":29,"column":3}},"19":{"start":{"line":27,"column":19},"end":{"line":27,"column":58}},"20":{"start":{"line":28,"column":4},"end":{"line":28,"column":18}},"21":{"start":{"line":31,"column":15},"end":{"line":44,"column":3}},"22":{"start":{"line":32,"column":4},"end":{"line":32,"column":74}},"23":{"start":{"line":32,"column":20},"end":{"line":32,"column":74}},"24":{"start":{"line":33,"column":4},"end":{"line":33,"column":76}},"25":{"start":{"line":33,"column":21},"end":{"line":33,"column":76}},"26":{"start":{"line":34,"column":4},"end":{"line":34,"column":79}},"27":{"start":{"line":34,"column":24},"end":{"line":34,"column":79}},"28":{"start":{"line":35,"column":19},"end":{"line":35,"column":55}},"29":{"start":{"line":36,"column":4},"end":{"line":36,"column":77}},"30":{"start":{"line":36,"column":27},"end":{"line":36,"column":77}},"31":{"start":{"line":37,"column":20},"end":{"line":41,"column":6}},"32":{"start":{"line":43,"column":4},"end":{"line":43,"column":33}},"33":{"start":{"line":46,"column":2},"end":{"line":48,"column":4}}},"fnMap":{"0":{"name":"(anonymous_0)","decl":{"start":{"line":7,"column":17},"end":{"line":7,"column":18}},"loc":{"start":{"line":7,"column":26},"end":{"line":49,"column":1}},"line":7},"1":{"name":"(anonymous_1)","decl":{"start":{"line":8,"column":18},"end":{"line":8,"column":19}},"loc":{"start":{"line":8,"column":35},"end":{"line":8,"column":78}},"line":8},"2":{"name":"(anonymous_2)","decl":{"start":{"line":10,"column":19},"end":{"line":10,"column":20}},"loc":{"start":{"line":10,"column":58},"end":{"line":22,"column":3}},"line":10},"3":{"name":"(anonymous_3)","decl":{"start":{"line":24,"column":18},"end":{"line":24,"column":19}},"loc":{"start":{"line":24,"column":41},"end":{"line":24,"column":67}},"line":24},"4":{"name":"(anonymous_4)","decl":{"start":{"line":26,"column":17},"end":{"line":26,"column":18}},"loc":{"start":{"line":26,"column":31},"end":{"line":29,"column":3}},"line":26},"5":{"name":"(anonymous_5)","decl":{"start":{"line":31,"column":15},"end":{"line":31,"column":16}},"loc":{"start":{"line":31,"column":31},"end":{"line":44,"column":3}},"line":31}},"branchMap":{"0":{"loc":{"start":{"line":8,"column":19},"end":{"line":8,"column":30}},"type":"default-arg","locations":[{"start":{"line":8,"column":28},"end":{"line":8,"column":30}}],"line":8},"1":{"loc":{"start":{"line":10,"column":30},"end":{"line":10,"column":53}},"type":"default-arg","locations":[{"start":{"line":10,"column":48},"end":{"line":10,"column":53}}],"line":10},"2":{"loc":{"start":{"line":13,"column":6},"end":{"line":15,"column":7}},"type":"if","locations":[{"start":{"line":13,"column":6},"end":{"line":15,"column":7}},{"start":{},"end":{}}],"line":13},"3":{"loc":{"start":{"line":17,"column":6},"end":{"line":17,"column":71}},"type":"if","locations":[{"start":{"line":17,"column":6},"end":{"line":17,"column":71}},{"start":{},"end":{}}],"line":17},"4":{"loc":{"start":{"line":24,"column":25},"end":{"line":24,"column":36}},"type":"default-arg","locations":[{"start":{"line":24,"column":34},"end":{"line":24,"column":36}}],"line":24},"5":{"loc":{"start":{"line":32,"column":4},"end":{"line":32,"column":74}},"type":"if","locations":[{"start":{"line":32,"column":4},"end":{"line":32,"column":74}},{"start":{},"end":{}}],"line":32},"6":{"loc":{"start":{"line":33,"column":4},"end":{"line":33,"column":76}},"type":"if","locations":[{"start":{"line":33,"column":4},"end":{"line":33,"column":76}},{"start":{},"end":{}}],"line":33},"7":{"loc":{"start":{"line":34,"column":4},"end":{"line":34,"column":79}},"type":"if","locations":[{"start":{"line":34,"column":4},"end":{"line":34,"column":79}},{"start":{},"end":{}}],"line":34},"8":{"loc":{"start":{"line":36,"column":4},"end":{"line":36,"column":77}},"type":"if","locations":[{"start":{"line":36,"column":4},"end":{"line":36,"column":77}},{"start":{},"end":{}}],"line":36}},"s":{"0":6,"1":6,"2":6,"3":6,"4":6,"5":11,"6":6,"7":10,"8":10,"9":10,"10":9,"11":10,"12":10,"13":0,"14":10,"15":0,"16":6,"17":10,"18":6,"19":9,"20":9,"21":6,"22":13,"23":1,"24":12,"25":1,"26":11,"27":1,"28":10,"29":10,"30":1,"31":9,"32":9,"33":6},"f":{"0":6,"1":11,"2":10,"3":10,"4":9,"5":13},"b":{"0":[0],"1":[9],"2":[9,1],"3":[0,10],"4":[0],"5":[1,12],"6":[1,11],"7":[1,10],"8":[1,9]},"_coverageSchema":"1a1c01bbd47fc00a2c39e90264f33305004495a9","hash":"80a0a2d3145b64ffe2d4bd653761207cb7ceba16"}
}
