TN:
SF:src/app.js
FN:12,(anonymous_0)
FN:16,(anonymous_1)
FNF:2
FNH:1
FNDA:0,(anonymous_0)
FNDA:18,(anonymous_1)
DA:1,6
DA:3,6
DA:5,6
DA:12,6
DA:13,0
DA:16,6
DA:17,18
DA:18,18
DA:19,18
DA:21,0
DA:23,18
DA:26,6
DA:28,6
LF:13
LH:11
BRDA:18,0,0,18
BRDA:18,0,1,0
BRDA:18,1,0,18
BRDA:18,1,1,2
BRF:4
BRH:3
end_of_record
TN:
SF:src/config/authMiddleware.js
FN:3,(anonymous_0)
FNF:1
FNH:1
FNDA:134,(anonymous_0)
DA:1,6
DA:3,6
DA:4,134
DA:6,134
DA:7,2
DA:10,132
DA:11,132
DA:12,132
DA:13,132
DA:15,0
DA:19,6
LF:11
LH:10
BRDA:6,0,0,2
BRDA:6,0,1,132
BRF:2
BRH:2
end_of_record
TN:
SF:src/config/bcrypt.js
FN:3,hashPassword
FNF:1
FNH:1
FNDA:9,hashPassword
DA:1,6
DA:4,9
DA:5,9
DA:6,9
DA:7,9
DA:8,9
DA:10,0
DA:14,6
LF:8
LH:7
BRF:0
BRH:0
end_of_record
TN:
SF:src/config/database.js
FN:7,(anonymous_0)
FN:11,(anonymous_1)
FN:16,(anonymous_2)
FN:28,(anonymous_3)
FNF:4
FNH:3
FNDA:6,(anonymous_0)
FNDA:0,(anonymous_1)
FNDA:6,(anonymous_2)
FNDA:1,(anonymous_3)
DA:1,6
DA:3,6
DA:5,6
DA:7,6
DA:8,6
DA:11,6
DA:12,0
DA:13,0
DA:16,6
DA:17,6
DA:18,6
DA:23,0
DA:24,0
DA:28,6
DA:29,1
DA:30,1
DA:31,1
DA:33,0
DA:34,0
DA:35,0
LF:20
LH:13
BRF:0
BRH:0
end_of_record
TN:
SF:src/config/middleware.js
FN:3,(anonymous_0)
FNF:1
FNH:1
FNDA:6,(anonymous_0)
DA:1,6
DA:3,6
DA:4,6
LF:3
LH:3
BRF:0
BRH:0
end_of_record
TN:
SF:src/config/router.js
FN:4,(anonymous_0)
FNF:1
FNH:1
FNDA:6,(anonymous_0)
DA:1,6
DA:2,6
DA:4,6
DA:5,6
DA:7,6
DA:9,6
DA:10,6
DA:11,6
DA:12,6
DA:13,6
DA:15,6
LF:11
LH:11
BRF:0
BRH:0
end_of_record
TN:
SF:src/errors/RecurseInvalidError.js
FN:1,RecurseInvalidError
FNF:1
FNH:1
FNDA:2,RecurseInvalidError
DA:1,6
DA:2,2
DA:3,2
DA:4,2
LF:4
LH:4
BRDA:1,0,0,2
BRF:1
BRH:1
end_of_record
TN:
SF:src/errors/ValidationError.js
FN:1,ValidationError
FNF:1
FNH:1
FNDA:16,ValidationError
DA:1,6
DA:2,16
DA:3,16
DA:4,16
LF:4
LH:4
BRF:0
BRH:0
end_of_record
TN:
SF:src/models/accounts.js
FNF:0
FNH:0
DA:1,6
DA:3,6
DA:9,6
LF:3
LH:3
BRF:0
BRH:0
end_of_record
TN:
SF:src/models/transactions.js
FNF:0
FNH:0
DA:1,6
DA:3,6
DA:5,6
DA:18,6
LF:4
LH:4
BRF:0
BRH:0
end_of_record
TN:
SF:src/models/transfer.js
FNF:0
FNH:0
DA:1,6
DA:3,6
DA:5,6
DA:17,6
LF:4
LH:4
BRF:0
BRH:0
end_of_record
TN:
SF:src/models/users.js
FNF:0
FNH:0
DA:1,6
DA:3,6
DA:10,6
LF:3
LH:3
BRF:0
BRH:0
end_of_record
TN:
SF:src/routes/accounts.js
FN:4,(anonymous_0)
FN:7,(anonymous_1)
FN:10,(anonymous_2)
FN:13,(anonymous_3)
FN:16,(anonymous_4)
FN:18,(anonymous_5)
FN:18,(anonymous_6)
FN:21,(anonymous_7)
FN:23,(anonymous_8)
FN:23,(anonymous_9)
FN:26,(anonymous_10)
FN:28,(anonymous_11)
FN:28,(anonymous_12)
FN:31,(anonymous_13)
FN:33,(anonymous_14)
FN:33,(anonymous_15)
FN:36,(anonymous_16)
FN:38,(anonymous_17)
FN:38,(anonymous_18)
FNF:19
FNH:16
FNDA:6,(anonymous_0)
FNDA:12,(anonymous_1)
FNDA:11,(anonymous_2)
FNDA:1,(anonymous_3)
FNDA:2,(anonymous_4)
FNDA:2,(anonymous_5)
FNDA:0,(anonymous_6)
FNDA:10,(anonymous_7)
FNDA:8,(anonymous_8)
FNDA:2,(anonymous_9)
FNDA:1,(anonymous_10)
FNDA:1,(anonymous_11)
FNDA:0,(anonymous_12)
FNDA:1,(anonymous_13)
FNDA:1,(anonymous_14)
FNDA:0,(anonymous_15)
FNDA:9,(anonymous_16)
FNDA:8,(anonymous_17)
FNDA:1,(anonymous_18)
DA:1,6
DA:2,6
DA:4,6
DA:5,6
DA:7,6
DA:8,12
DA:11,11
DA:12,11
DA:13,1
DA:16,6
DA:17,2
DA:18,2
DA:21,6
DA:22,10
DA:23,8
DA:26,6
DA:27,1
DA:28,1
DA:31,6
DA:32,1
DA:33,1
DA:36,6
DA:37,9
DA:38,8
DA:41,6
LF:25
LH:25
BRDA:11,0,0,0
BRDA:11,0,1,11
BRF:2
BRH:1
end_of_record
TN:
SF:src/routes/auth.js
FN:6,(anonymous_0)
FN:9,(anonymous_1)
FN:31,(anonymous_2)
FNF:3
FNH:3
FNDA:6,(anonymous_0)
FNDA:10,(anonymous_1)
FNDA:9,(anonymous_2)
DA:1,6
DA:2,6
DA:3,6
DA:4,6
DA:6,6
DA:7,6
DA:9,6
DA:10,10
DA:11,10
DA:12,10
DA:14,10
DA:15,1
DA:18,9
DA:19,9
DA:21,9
DA:27,1
DA:31,6
DA:32,9
DA:33,9
DA:34,9
DA:36,0
DA:40,6
LF:22
LH:21
BRDA:14,0,0,1
BRDA:14,0,1,9
BRF:2
BRH:2
end_of_record
TN:
SF:src/routes/balance.js
FN:4,(anonymous_0)
FN:7,(anonymous_1)
FN:10,(anonymous_2)
FN:13,(anonymous_3)
FN:16,(anonymous_4)
FN:18,(anonymous_5)
FN:18,(anonymous_6)
FN:21,(anonymous_7)
FN:23,(anonymous_8)
FN:23,(anonymous_9)
FN:26,(anonymous_10)
FN:28,(anonymous_11)
FN:28,(anonymous_12)
FN:31,(anonymous_13)
FN:33,(anonymous_14)
FN:33,(anonymous_15)
FN:36,(anonymous_16)
FN:38,(anonymous_17)
FN:38,(anonymous_18)
FNF:19
FNH:3
FNDA:6,(anonymous_0)
FNDA:0,(anonymous_1)
FNDA:0,(anonymous_2)
FNDA:0,(anonymous_3)
FNDA:4,(anonymous_4)
FNDA:4,(anonymous_5)
FNDA:0,(anonymous_6)
FNDA:0,(anonymous_7)
FNDA:0,(anonymous_8)
FNDA:0,(anonymous_9)
FNDA:0,(anonymous_10)
FNDA:0,(anonymous_11)
FNDA:0,(anonymous_12)
FNDA:0,(anonymous_13)
FNDA:0,(anonymous_14)
FNDA:0,(anonymous_15)
FNDA:0,(anonymous_16)
FNDA:0,(anonymous_17)
FNDA:0,(anonymous_18)
DA:1,6
DA:2,6
DA:4,6
DA:5,6
DA:7,6
DA:8,0
DA:11,0
DA:12,0
DA:13,0
DA:16,6
DA:17,4
DA:18,4
DA:21,6
DA:22,0
DA:23,0
DA:26,6
DA:27,0
DA:28,0
DA:31,6
DA:32,0
DA:33,0
DA:36,6
DA:37,0
DA:38,0
DA:41,6
LF:25
LH:13
BRDA:11,0,0,0
BRDA:11,0,1,0
BRF:2
BRH:0
end_of_record
TN:
SF:src/routes/transactions.js
FN:4,(anonymous_0)
FN:7,(anonymous_1)
FN:10,(anonymous_2)
FN:13,(anonymous_3)
FN:16,(anonymous_4)
FN:18,(anonymous_5)
FN:18,(anonymous_6)
FN:21,(anonymous_7)
FN:23,(anonymous_8)
FN:23,(anonymous_9)
FN:26,(anonymous_10)
FN:28,(anonymous_11)
FN:28,(anonymous_12)
FN:31,(anonymous_13)
FN:33,(anonymous_14)
FN:33,(anonymous_15)
FN:36,(anonymous_16)
FN:38,(anonymous_17)
FN:38,(anonymous_18)
FNF:19
FNH:15
FNDA:6,(anonymous_0)
FNDA:7,(anonymous_1)
FNDA:6,(anonymous_2)
FNDA:1,(anonymous_3)
FNDA:1,(anonymous_4)
FNDA:1,(anonymous_5)
FNDA:0,(anonymous_6)
FNDA:8,(anonymous_7)
FNDA:3,(anonymous_8)
FNDA:5,(anonymous_9)
FNDA:1,(anonymous_10)
FNDA:1,(anonymous_11)
FNDA:0,(anonymous_12)
FNDA:3,(anonymous_13)
FNDA:3,(anonymous_14)
FNDA:0,(anonymous_15)
FNDA:1,(anonymous_16)
FNDA:1,(anonymous_17)
FNDA:0,(anonymous_18)
DA:1,6
DA:2,6
DA:4,6
DA:5,6
DA:7,6
DA:8,7
DA:11,6
DA:12,5
DA:13,1
DA:16,6
DA:17,1
DA:18,1
DA:21,6
DA:22,8
DA:23,5
DA:26,6
DA:27,1
DA:28,1
DA:31,6
DA:32,3
DA:33,3
DA:36,6
DA:37,1
DA:38,1
DA:41,6
LF:25
LH:25
BRDA:11,0,0,1
BRDA:11,0,1,5
BRF:2
BRH:2
end_of_record
TN:
SF:src/routes/transfer.js
FN:4,(anonymous_0)
FN:7,(anonymous_1)
FN:9,(anonymous_2)
FN:9,(anonymous_3)
FN:12,(anonymous_4)
FN:15,(anonymous_5)
FN:18,(anonymous_6)
FN:21,(anonymous_7)
FN:23,(anonymous_8)
FN:23,(anonymous_9)
FN:26,(anonymous_10)
FN:28,(anonymous_11)
FN:28,(anonymous_12)
FN:31,(anonymous_13)
FN:33,(anonymous_14)
FN:33,(anonymous_15)
FN:36,(anonymous_16)
FN:38,(anonymous_17)
FN:38,(anonymous_18)
FN:41,(anonymous_19)
FN:43,(anonymous_20)
FN:43,(anonymous_21)
FNF:22
FNH:16
FNDA:6,(anonymous_0)
FNDA:1,(anonymous_1)
FNDA:1,(anonymous_2)
FNDA:0,(anonymous_3)
FNDA:5,(anonymous_4)
FNDA:4,(anonymous_5)
FNDA:1,(anonymous_6)
FNDA:1,(anonymous_7)
FNDA:1,(anonymous_8)
FNDA:0,(anonymous_9)
FNDA:1,(anonymous_10)
FNDA:1,(anonymous_11)
FNDA:0,(anonymous_12)
FNDA:1,(anonymous_13)
FNDA:1,(anonymous_14)
FNDA:0,(anonymous_15)
FNDA:1,(anonymous_16)
FNDA:1,(anonymous_17)
FNDA:0,(anonymous_18)
FNDA:1,(anonymous_19)
FNDA:1,(anonymous_20)
FNDA:0,(anonymous_21)
DA:1,6
DA:2,6
DA:4,6
DA:5,6
DA:7,6
DA:8,1
DA:9,1
DA:12,6
DA:13,5
DA:16,4
DA:17,3
DA:18,1
DA:21,6
DA:22,1
DA:23,1
DA:26,6
DA:27,1
DA:28,1
DA:31,6
DA:32,1
DA:33,1
DA:36,6
DA:37,1
DA:38,1
DA:41,6
DA:42,1
DA:43,1
DA:46,6
LF:28
LH:28
BRDA:16,0,0,1
BRDA:16,0,1,3
BRF:2
BRH:2
end_of_record
TN:
SF:src/routes/users.js
FN:3,(anonymous_0)
FN:6,(anonymous_1)
FN:15,(anonymous_2)
FN:24,(anonymous_3)
FN:33,(anonymous_4)
FNF:5
FNH:5
FNDA:6,(anonymous_0)
FNDA:1,(anonymous_1)
FNDA:1,(anonymous_2)
FNDA:9,(anonymous_3)
FNDA:4,(anonymous_4)
DA:1,6
DA:3,6
DA:4,6
DA:6,6
DA:7,1
DA:8,1
DA:9,1
DA:11,0
DA:15,6
DA:16,1
DA:17,1
DA:18,1
DA:20,0
DA:24,6
DA:25,9
DA:26,9
DA:27,9
DA:29,0
DA:33,6
DA:34,4
DA:35,4
DA:36,0
DA:38,4
DA:42,6
LF:24
LH:20
BRF:0
BRH:0
end_of_record
TN:
SF:src/services/accounts.js
FN:6,(anonymous_0)
FN:7,(anonymous_1)
FN:12,(anonymous_2)
FN:25,(anonymous_3)
FN:31,(anonymous_4)
FN:40,(anonymous_5)
FNF:6
FNH:6
FNDA:6,(anonymous_0)
FNDA:11,(anonymous_1)
FNDA:10,(anonymous_2)
FNDA:13,(anonymous_3)
FNDA:1,(anonymous_4)
FNDA:9,(anonymous_5)
DA:2,6
DA:3,6
DA:6,6
DA:7,6
DA:8,11
DA:9,11
DA:12,6
DA:13,10
DA:14,9
DA:15,9
DA:16,9
DA:17,8
DA:22,8
DA:25,6
DA:26,13
DA:27,13
DA:28,12
DA:31,6
DA:32,1
DA:37,1
DA:40,6
DA:41,9
DA:42,9
DA:43,9
DA:44,8
DA:45,8
DA:48,6
LF:27
LH:27
BRDA:7,0,0,0
BRDA:13,1,0,1
BRDA:13,1,1,9
BRDA:14,2,0,0
BRDA:14,2,1,9
BRDA:16,3,0,1
BRDA:16,3,1,8
BRDA:27,4,0,1
BRDA:27,4,1,12
BRDA:41,5,0,0
BRDA:41,5,1,9
BRDA:43,6,0,1
BRDA:43,6,1,8
BRF:13
BRH:10
end_of_record
TN:
SF:src/services/balance.js
FN:6,(anonymous_0)
FN:7,(anonymous_1)
FNF:2
FNH:2
FNDA:6,(anonymous_0)
FNDA:4,(anonymous_1)
DA:2,6
DA:3,6
DA:4,6
DA:6,6
DA:7,6
DA:8,4
DA:9,0
DA:12,4
DA:27,4
DA:28,0
DA:31,4
DA:34,6
LF:12
LH:10
BRDA:8,0,0,0
BRDA:8,0,1,4
BRDA:27,1,0,0
BRDA:27,1,1,4
BRDA:27,2,0,4
BRDA:27,2,1,4
BRF:6
BRH:4
end_of_record
TN:
SF:src/services/transactions.js
FN:5,(anonymous_0)
FN:6,(anonymous_1)
FN:11,(anonymous_2)
FN:18,(anonymous_3)
FN:55,(anonymous_4)
FN:61,(anonymous_5)
FNF:6
FNH:6
FNDA:6,(anonymous_0)
FNDA:10,(anonymous_1)
FNDA:8,(anonymous_2)
FNDA:8,(anonymous_3)
FNDA:3,(anonymous_4)
FNDA:1,(anonymous_5)
DA:1,6
DA:2,6
DA:5,6
DA:6,6
DA:7,10
DA:8,10
DA:11,6
DA:12,8
DA:13,8
DA:14,8
DA:15,7
DA:18,6
DA:21,8
DA:23,8
DA:24,7
DA:25,6
DA:26,5
DA:27,5
DA:28,4
DA:29,3
DA:30,3
DA:31,0
DA:33,3
DA:34,3
DA:35,3
DA:37,0
DA:40,3
DA:52,3
DA:55,6
DA:56,3
DA:57,3
DA:58,3
DA:61,6
DA:64,1
DA:66,1
DA:67,1
DA:68,1
DA:69,1
DA:70,1
DA:71,1
DA:72,1
DA:73,1
DA:74,0
DA:77,1
DA:84,1
DA:87,6
LF:46
LH:43
BRDA:6,0,0,0
BRDA:12,1,0,0
BRDA:12,1,1,8
BRDA:14,2,0,1
BRDA:14,2,1,7
BRDA:23,3,0,1
BRDA:23,3,1,7
BRDA:24,4,0,1
BRDA:24,4,1,6
BRDA:25,5,0,1
BRDA:25,5,1,5
BRDA:26,6,0,0
BRDA:26,6,1,5
BRDA:27,7,0,1
BRDA:27,7,1,4
BRDA:28,8,0,1
BRDA:28,8,1,3
BRDA:29,9,0,0
BRDA:29,9,1,3
BRDA:30,10,0,0
BRDA:30,10,1,3
BRDA:30,11,0,3
BRDA:30,11,1,3
BRDA:34,12,0,3
BRDA:34,12,1,0
BRDA:56,13,0,0
BRDA:56,13,1,3
BRDA:66,14,0,0
BRDA:66,14,1,1
BRDA:67,15,0,0
BRDA:67,15,1,1
BRDA:68,16,0,0
BRDA:68,16,1,1
BRDA:69,17,0,0
BRDA:69,17,1,1
BRDA:70,18,0,0
BRDA:70,18,1,1
BRDA:71,19,0,0
BRDA:71,19,1,1
BRDA:72,20,0,0
BRDA:72,20,1,1
BRDA:73,21,0,0
BRDA:73,21,1,1
BRDA:73,22,0,1
BRDA:73,22,1,1
BRF:45
BRH:30
end_of_record
TN:
SF:src/services/transfer.js
FN:7,(anonymous_0)
FN:8,(anonymous_1)
FN:16,(anonymous_2)
FN:21,(anonymous_3)
FN:27,(anonymous_4)
FN:60,(anonymous_5)
FN:66,(anonymous_6)
FNF:7
FNH:7
FNDA:6,(anonymous_0)
FNDA:1,(anonymous_1)
FNDA:1,(anonymous_2)
FNDA:6,(anonymous_3)
FNDA:1,(anonymous_4)
FNDA:1,(anonymous_5)
FNDA:1,(anonymous_6)
DA:2,6
DA:3,6
DA:4,6
DA:7,6
DA:8,6
DA:9,1
DA:10,1
DA:11,1
DA:12,1
DA:13,1
DA:16,6
DA:17,1
DA:18,1
DA:21,6
DA:22,6
DA:23,6
DA:24,5
DA:27,6
DA:29,1
DA:30,1
DA:31,1
DA:32,0
DA:35,1
DA:36,0
DA:38,1
DA:39,0
DA:41,1
DA:42,0
DA:45,1
DA:57,1
DA:60,6
DA:61,1
DA:62,1
DA:63,1
DA:66,6
DA:70,1
DA:72,1
DA:84,1
DA:87,6
LF:39
LH:35
BRDA:9,0,0,0
BRDA:9,0,1,1
BRDA:10,1,0,0
BRDA:10,1,1,1
BRDA:11,2,0,0
BRDA:11,2,1,1
BRDA:12,3,0,0
BRDA:12,3,1,1
BRDA:13,4,0,0
BRDA:13,4,1,1
BRDA:16,5,0,0
BRDA:23,6,0,1
BRDA:23,6,1,5
BRDA:31,7,0,0
BRDA:31,7,1,1
BRDA:31,8,0,1
BRDA:31,8,1,1
BRDA:35,9,0,0
BRDA:35,9,1,1
BRDA:38,10,0,0
BRDA:38,10,1,1
BRDA:41,11,0,0
BRDA:41,11,1,1
BRDA:62,12,0,0
BRDA:62,12,1,1
BRF:25
BRH:14
end_of_record
TN:
SF:src/services/users.js
FN:7,(anonymous_0)
FN:8,(anonymous_1)
FN:10,(anonymous_2)
FN:24,(anonymous_3)
FN:26,(anonymous_4)
FN:31,(anonymous_5)
FNF:6
FNH:6
FNDA:6,(anonymous_0)
FNDA:11,(anonymous_1)
FNDA:10,(anonymous_2)
FNDA:10,(anonymous_3)
FNDA:9,(anonymous_4)
FNDA:13,(anonymous_5)
DA:2,6
DA:3,6
DA:4,6
DA:7,6
DA:8,11
DA:10,6
DA:11,10
DA:12,10
DA:13,10
DA:14,9
DA:16,10
DA:17,10
DA:18,10
DA:20,0
DA:24,10
DA:26,6
DA:27,9
DA:28,9
DA:31,6
DA:32,13
DA:33,12
DA:34,11
DA:35,10
DA:36,10
DA:37,9
DA:43,9
DA:46,6
LF:27
LH:26
BRDA:8,0,0,0
BRDA:10,1,0,9
BRDA:13,2,0,9
BRDA:13,2,1,1
BRDA:17,3,0,0
BRDA:17,3,1,10
BRDA:24,4,0,0
BRDA:32,5,0,1
BRDA:32,5,1,12
BRDA:33,6,0,1
BRDA:33,6,1,11
BRDA:34,7,0,1
BRDA:34,7,1,10
BRDA:36,8,0,1
BRDA:36,8,1,9
BRF:15
BRH:12
end_of_record
